2 221 207
1 216
2 167 209
1 0
3 234 239 20
2 36 253
2 180 17
1 33
2 179 295
2 65 109
3 116 5 270
1 296
2 168 244
1 54
3 34 282 46
2 108 157
2 85 238
2 275 204
2 87 11
2 41 14
2 184 121
3 164 236 100
2 249 248
3 99 277 190
1 212
2 110 217
1 88
1 75
2 103 93
1 80
1 72
2 4 172
4 8 40 291 115
3 7 241 51
1 294
1 148
2 134 102
2 162 42
1 259
2 159 73
2 286 39
3 246 284 66
3 299 188 177
1 203
2 24 96
2 133 237
2 210 122
2 62 6
1 161
1 127
2 13 31
1 260
2 276 235
2 136 191
2 220 146
2 92 147
2 95 55
2 58 268
2 137 158
2 290 255
2 227 170
3 193 29 197
2 15 138
2 218 160
2 273 283
2 150 22
1 285
2 225 28
1 107
2 74 269
3 144 61 192
2 56 174
2 105 195
2 18 27
1 171
3 187 128 23
3 263 32 90
3 38 214 280
3 63 199 264
1 125
1 156
3 261 64 298
3 60 163 182
2 200 26
3 57 254 139
2 19 76
2 198 89
0
3 267 230 202
3 44 222 82
2 129 185
2 79 86
2 245 287
2 226 118
1 21
2 113 117
2 224 81
3 91 3 45
3 232 50 231
4 166 53 281 124
