62 0 122 153 175 359 485 522 609 712 781 833 908 939 1004 1024 1057 1089 1141 1254 1318 1487 1590 1749 1828 1957 1977 2038 2104 2250 2313 2355 2460 2478 2641 2710 2826 2908 2965 3008 3080 3174 3197 3248 3480 3581 3726 3903 3945 4039 4089 4117 4179 4297 4337 4394 4471 4481 4517 4565 4619 4720 4788
57 1 211 279 300 446 502 579 637 758 865 903 962 1070 1177 1284 1426 1517 1573 1608 1734 1756 1845 1926 1986 2059 2154 2196 2295 2409 2532 2665 2698 2760 2930 2973 3063 3173 3312 3340 3384 3502 3546 3700 3734 3839 3894 4006 4056 4120 4150 4205 4320 4410 4461 4578 4637 4787
65 2 187 268 294 325 343 426 558 614 633 734 809 848 924 997 1107 1155 1201 1250 1266 1342 1497 1560 1644 1727 1822 1847 1872 1889 1988 2064 2181 2218 2265 2359 2523 2608 2650 2855 2889 2953 3022 3106 3191 3219 3284 3420 3427 3492 3543 3641 3669 3795 3812 3956 4097 4123 4210 4312 4356 4406 4502 4656 4846 4854
59 3 165 330 443 576 691 777 816 942 1021 1126 1187 1272 1349 1407 1440 1501 1581 1592 1610 1794 1978 2065 2105 2195 2267 2335 2399 2465 2509 2619 2679 2748 2777 2903 2931 3018 3104 3151 3222 3295 3325 3476 3615 3639 3691 3797 3943 4043 4074 4106 4157 4252 4285 4310 4386 4426 4590 4705
59 4 89 248 391 420 515 603 610 745 861 995 1026 1197 1296 1325 1415 1493 1593 1605 1662 1764 1815 1875 1914 2015 2047 2092 2145 2187 2235 2257 2314 2447 2593 2631 2669 2719 2773 2932 2959 3099 3298 3416 3464 3609 3643 3757 3919 3999 4044 4110 4211 4289 4395 4480 4536 4628 4729 4777
56 5 131 234 354 458 577 674 743 885 907 991 1067 1108 1160 1231 1366 1488 1554 1633 1639 1736 1843 1930 2028 2134 2175 2348 2433 2544 2690 2836 3030 3090 3101 3177 3206 3301 3382 3504 3604 3717 3750 3806 3883 3968 4088 4129 4134 4155 4256 4350 4440 4546 4608 4711 4791
59 6 109 218 269 395 473 575 719 762 829 929 993 1135 1195 1280 1343 1425 1528 1623 1711 1834 1961 1999 2040 2060 2150 2301 2368 2432 2467 2524 2601 2678 2796 2881 2951 3047 3096 3192 3234 3335 3456 3471 3514 3616 3732 3783 3818 3924 4030 4064 4138 4215 4298 4460 4583 4642 4710 4789
55 7 171 253 351 398 524 668 739 812 916 1056 1080 1117 1304 1448 1475 1553 1683 1741 1888 2019 2136 2192 2288 2297 2405 2595 2695 2728 2790 2924 2960 3042 3071 3115 3123 3165 3216 3309 3428 3497 3625 3681 3850 3977 4065 4108 4142 4216 4319 4413 4538 4604 4684 4738
65 8 98 209 310 352 396 450 513 581 701 718 801 821 928 992 1110 1178 1232 1295 1396 1521 1672 1720 1747 1836 1992 2056 2099 2210 2232 2255 2320 2327 2429 2528 2623 2681 2754 2771 2907 2955 3072 3110 3127 3221 3358 3374 3385 3511 3606 3677 3820 3892 3918 4023 4081 4107 4159 4255 4382 4482 4543 4625 4690 4780
62 9 192 251 322 408 510 532 561 657 702 850 909 986 1035 1151 1198 1308 1347 1471 1509 1570 1636 1656 1706 1722 1814 1861 1989 2082 2217 2269 2342 2444 2506 2585 2743 2766 2902 3000 3074 3125 3204 3265 3321 3354 3444 3507 3579 3680 3751 3804 3860 3942 4007 4185 4253 4363 4398 4547 4650 4682 4719
58 10 84 128 274 299 431 534 716 786 820 895 1007 1079 1170 1334 1400 1447 1587 1635 1784 1893 1981 2107 2155 2294 2364 2412 2549 2615 2662 2673 2744 2786 2807 2849 2982 3087 3183 3369 3387 3462 3525 3635 3648 3738 3796 3865 3921 3962 4055 4109 4190 4282 4397 4485 4540 4622 4826
55 11 159 247 375 437 591 617 706 843 881 976 1086 1171 1274 1376 1399 1541 1712 1765 1809 1965 2053 2110 2126 2191 2317 2365 2449 2612 2687 2746 2816 2839 2884 2986 3067 3213 3320 3463 3481 3513 3571 3628 3715 3829 3878 3971 4026 4198 4353 4433 4534 4614 4707 4815
57 12 190 282 372 430 474 506 530 588 697 794 887 965 1000 1113 1164 1263 1278 1401 1481 1555 1692 1811 1923 2013 2180 2283 2356 2436 2518 2628 2714 2784 2916 3033 3076 3188 3290 3362 3423 3460 3531 3580 3594 3754 3876 3935 4037 4075 4238 4259 4332 4472 4504 4530 4615 4672
59 13 81 95 137 207 285 314 432 531 599 629 663 823 891 1011 1081 1215 1247 1462 1508 1616 1678 1714 1821 1883 2011 2151 2240 2343 2471 2526 2629 2709 2828 2876 2911 3057 3114 3142 3168 3254 3381 3404 3561 3600 3693 3779 3791 3830 3985 4130 4316 4358 4492 4541 4629 4760 4830 4887
53 14 119 181 215 318 337 394 528 583 746 808 838 960 1090 1196 1268 1341 1395 1461 1646 1708 1795 1823 2003 2143 2204 2291 2389 2435 2550 2713 2792 2874 2895 3055 3153 3276 3452 3621 3668 3748 3872 4012 4067 4158 4235 4345 4441 4510 4539 4661 4819 4844
62 15 160 197 254 321 410 520 570 717 763 814 963 998 1044 1138 1212 1259 1327 1430 1469 1538 1648 1681 1816 1963 2034 2052 2147 2221 2289 2367 2474 2531 2551 2605 2670 2775 2795 2832 2871 2906 3028 3180 3255 3272 3287 3392 3410 3469 3617 3687 3826 3889 3959 4085 4152 4239 4260 4322 4424 4585 4748
58 16 163 232 416 492 512 584 636 766 825 900 985 1059 1184 1225 1330 1382 1459 1536 1652 1718 1813 1876 1998 2101 2174 2200 2296 2468 2575 2607 2704 2783 2847 2990 3079 3146 3252 3274 3339 3536 3613 3706 3737 3794 3933 3974 4101 4204 4280 4338 4360 4507 4571 4626 4703 4757 4809
61 17 112 167 304 360 484 593 713 818 835 925 1029 1088 1156 1303 1350 1390 1436 1510 1562 1642 1725 1820 1868 1919 2030 2140 2244 2370 2441 2546 2655 2674 2725 2845 2978 3098 3220 3262 3380 3432 3500 3605 3674 3745 3786 3803 3857 3995 4066 4141 4167 4275 4367 4408 4468 4486 4599 4670 4726 4770
64 18 125 146 202 278 292 397 483 541 622 653 665 685 709 802 868 944 983 1098 1191 1210 1287 1410 1435 1602 1679 1748 1837 1881 1942 2002 2077 2188 2213 2387 2440 2496 2567 2579 2643 2763 2810 2822 2945 3016 3086 3169 3235 3311 3451 3632 3764 3819 3893 3941 4019 4080 4115 4242 4403 4516 4620 4740 4754
59 19 135 203 296 341 380 448 488 580 699 815 856 936 1051 1131 1228 1355 1491 1540 1599 1664 1767 1860 1960 2093 2152 2237 2286 2371 2425 2443 2589 2660 2732 2833 2880 3020 3046 3061 3073 3203 3373 3424 3489 3562 3720 3844 3879 3916 3938 4018 4047 4112 4208 4233 4276 4423 4495 4677
50 20 193 307 411 495 565 742 780 840 923 1064 1159 1281 1431 1499 1561 1614 1696 1781 1912 2009 2022 2149 2153 2222 2316 2393 2442 2533 2592 2606 2694 2794 2943 3019 3176 3296 3454 3565 3692 3867 3917 4083 4196 4339 4467 4501 4586 4630 4709
59 21 101 265 350 418 585 707 773 852 1042 1165 1301 1384 1423 1454 1498 1551 1611 1687 1770 1873 2017 2090 2248 2261 2353 2374 2470 2618 2693 2764 2869 2946 2993 3011 3066 3140 3170 3236 3239 3288 3363 3433 3475 3619 3688 3822 3926 4050 4087 4251 4301 4425 4496 4537 4601 4673 4694 4796
61 22 93 126 191 275 405 479 612 677 728 795 911 938 966 1039 1074 1175 1245 1409 1443 1465 1500 1606 1738 1899 1967 2080 2168 2239 2272 2403 2472 2507 2562 2620 2659 2776 2901 2954 3005 3025 3172 3237 3297 3431 3488 3624 3698 3800 3886 3981 4076 4219 4243 4270 4388 4477 4494 4558 4596 4736
60 23 129 145 239 324 356 454 475 527 658 725 826 948 1027 1142 1148 1297 1403 1494 1559 1601 1743 1878 1929 2029 2132 2259 2334 2404 2570 2590 2656 2752 2878 2956 3045 3148 3156 3240 3286 3310 3399 3478 3564 3664 3810 3877 3920 3960 3996 4053 4113 4187 4261 4348 4375 4518 4575 4732 4803
68 24 115 174 216 233 342 442 498 553 644 648 683 789 863 1031 1169 1190 1264 1338 1413 1591 1766 1799 1884 1944 2076 2169 2189 2236 2300 2381 2469 2520 2555 2583 2648 2668 2671 2731 2787 2921 2998 3103 3218 3270 3330 3418 3468 3519 3542 3595 3683 3714 3870 3922 3967 4046 4071 4146 4245 4277 4335 4451 4457 4589 4660 4772 4810
62 25 103 141 249 364 435 567 684 772 860 943 1012 1023 1112 1239 1253 1279 1422 1569 1598 1629 1791 1864 1909 2000 2121 2220 2279 2303 2410 2515 2598 2663 2703 2774 2918 2934 3043 3084 3135 3138 3207 3299 3355 3508 3589 3704 3780 3824 3890 3923 3983 4034 4165 4226 4323 4446 4509 4659 4734 4779 4804
58 26 97 120 245 283 315 365 404 460 514 597 733 783 882 946 1033 1123 1226 1262 1371 1506 1583 1742 1762 1825 1948 2057 2106 2277 2413 2462 2497 2565 2636 2804 2865 3012 3158 3198 3215 3285 3334 3458 3509 3676 3747 3787 3958 4003 4028 4136 4192 4293 4378 4473 4580 4602 4742
54 27 102 179 293 412 503 611 649 724 787 935 977 1105 1294 1392 1534 1565 1670 1759 1924 2020 2096 2209 2224 2270 2333 2504 2616 2722 2767 2805 2896 3009 3052 3167 3260 3359 3397 3417 3539 3578 3725 3760 3875 4004 4102 4184 4266 4351 4487 4525 4606 4631 4773
64 28 92 151 169 272 332 373 406 469 543 615 681 791 893 914 1030 1167 1208 1260 1298 1361 1389 1418 1531 1625 1780 1808 1896 1982 2156 2215 2386 2573 2582 2600 2627 2686 2857 3001 3118 3128 3232 3360 3445 3473 3545 3740 3805 3828 3928 4002 4027 4124 4173 4265 4305 4327 4438 4475 4545 4597 4701 4786 4817
63 29 99 196 331 389 415 511 601 694 822 904 949 1014 1100 1130 1220 1289 1359 1379 1589 1693 1782 1838 1908 1971 2103 2127 2251 2307 2495 2587 2699 2737 2821 2891 3040 3107 3178 3268 3333 3455 3505 3567 3659 3739 3756 3837 3904 4024 4119 4166 4191 4227 4331 4364 4422 4478 4513 4563 4632 4664 4756 4829
62 30 149 235 266 369 402 413 544 652 680 769 849 931 1034 1145 1217 1256 1362 1397 1432 1482 1613 1685 1801 1910 1979 2004 2086 2185 2306 2424 2503 2545 2637 2735 2808 2853 2909 2963 3075 3181 3205 3247 3313 3348 3401 3482 3548 3645 3784 3881 3957 4042 4176 4291 4405 4463 4520 4616 4676 4708 4807
60 31 161 226 280 428 452 539 723 770 855 927 1010 1185 1258 1356 1406 1476 1567 1699 1761 1853 1920 2016 2085 2113 2171 2225 2337 2401 2481 2536 2632 2745 2757 2887 2991 3054 3117 3226 3405 3466 3535 3575 3622 3670 3749 3861 3912 4031 4145 4164 4246 4317 4346 4390 4491 4532 4643 4691 4713
52 32 166 287 334 353 472 563 693 737 869 974 1002 1071 1158 1300 1321 1365 1434 1566 1650 1689 1786 1870 1936 2001 2100 2141 2176 2344 2402 2537 2604 2736 2803 2927 2987 3122 3155 3261 3429 3552 3649 3778 3966 4049 4139 4229 4399 4435 4522 4678 4750
66 33 82 162 252 319 392 429 444 500 587 688 765 793 896 980 1103 1174 1209 1316 1416 1455 1612 1740 1779 1802 1871 1955 2024 2159 2193 2208 2292 2388 2463 2539 2572 2661 2740 2770 2883 2913 2994 3058 3175 3231 3342 3467 3576 3611 3723 3788 3887 4013 4082 4126 4234 4288 4344 4430 4499 4557 4618 4683 4744 4801 4840
58 34 152 242 320 362 383 439 493 592 692 732 880 1013 1137 1310 1352 1446 1522 1579 1665 1751 1832 1892 1907 2048 2238 2308 2459 2511 2535 2658 2753 2788 2925 3089 3149 3179 3228 3376 3389 3430 3477 3516 3601 3647 3774 3895 4022 4103 4218 4313 4392 4443 4542 4569 4603 4739 4814
63 35 127 142 172 281 355 400 482 548 664 740 889 958 1047 1075 1179 1261 1302 1380 1444 1468 1568 1695 1859 1887 2045 2075 2160 2234 2299 2372 2487 2543 2557 2675 2738 2781 2852 2899 2949 3017 3150 3162 3264 3407 3555 3566 3656 3705 3743 3868 3944 4048 4098 4207 4249 4264 4307 4456 4566 4675 4697 4775
58 36 94 111 185 302 409 459 467 624 751 819 967 1115 1143 1166 1269 1404 1532 1588 1645 1717 1785 1886 2062 2146 2165 2284 2396 2418 2455 2476 2630 2676 2791 2879 2981 3078 3134 3243 3402 3479 3627 3709 3728 3733 3766 3851 3927 4025 4121 4175 4304 4381 4535 4568 4693 4747 4838
68 37 133 224 244 349 417 451 491 505 618 641 708 729 753 827 892 978 1058 1134 1237 1314 1336 1402 1480 1544 1628 1690 1755 1831 1951 2032 2054 2114 2170 2260 2358 2398 2415 2475 2541 2654 2712 2820 2897 2975 3023 3133 3210 3366 3547 3678 3708 3770 3840 3913 3954 3991 4111 4202 4306 4347 4449 4488 4560 4576 4663 4702 4761
57 38 144 222 323 345 447 589 654 771 851 973 1066 1193 1329 1358 1442 1464 1542 1584 1585 1659 1707 1858 1901 1975 2083 2207 2305 2385 2423 2479 2538 2556 2705 2811 2958 3100 3202 3291 3375 3490 3654 3775 3854 3900 3990 4036 4135 4278 4334 4434 4511 4609 4666 4783 4800 4835
57 39 105 198 230 288 313 414 436 557 604 655 741 859 920 996 1147 1319 1470 1548 1618 1700 1793 1895 1991 2046 2137 2212 2230 2309 2391 2431 2609 2677 2702 2825 2912 3027 3124 3229 3306 3349 3413 3498 3563 3597 3672 3790 3811 3836 3932 4058 4174 4225 4362 4512 4613 4731
63 40 83 154 260 366 486 556 640 785 867 954 1015 1106 1206 1267 1307 1378 1412 1520 1577 1603 1705 1827 1866 1916 2088 2254 2339 2407 2482 2547 2645 2664 2834 2863 2971 3048 3112 3145 3253 3383 3443 3472 3550 3630 3658 3765 3902 3914 3955 4001 4029 4072 4149 4240 4284 4311 4409 4474 4570 4639 4704 4822
59 41 183 238 335 464 550 686 784 836 918 1008 1049 1114 1291 1438 1507 1550 1615 1721 1790 1900 1915 1994 2025 2084 2199 2341 2400 2486 2559 2651 2733 2789 2888 2977 3056 3131 3282 3357 3409 3474 3584 3657 3777 3863 3910 3930 4040 4095 4148 4223 4296 4340 4400 4561 4633 4685 4737 4767
66 42 104 180 295 370 560 578 605 672 714 839 919 951 1036 1082 1099 1188 1238 1275 1364 1424 1463 1563 1674 1744 1768 1810 1962 2027 2039 2179 2271 2378 2417 2561 2708 2837 2923 3053 3126 3154 3194 3305 3336 3461 3501 3570 3637 3702 3825 3859 3947 3994 4090 4161 4177 4247 4324 4387 4500 4544 4584 4655 4680 4749 4824
56 43 100 121 156 259 378 425 496 562 627 678 779 934 1022 1139 1271 1344 1386 1427 1483 1594 1604 1661 1758 1789 1902 1947 1969 2073 2197 2329 2416 2558 2657 2727 2848 2947 3093 3199 3280 3361 3453 3573 3718 3852 3972 4073 4100 4169 4272 4302 4372 4572 4653 4686 4746
67 44 178 241 303 457 499 526 632 690 731 873 982 1101 1221 1305 1367 1405 1478 1600 1709 1771 1852 1885 1934 2078 2128 2293 2350 2376 2438 2494 2577 2610 2706 2772 2809 2920 2944 3026 3081 3091 3200 3258 3283 3332 3448 3512 3590 3679 3761 3814 3823 3841 3936 3970 4057 4084 4127 4171 4222 4290 4315 4416 4484 4553 4636 4689
65 45 85 257 290 386 445 471 569 651 817 876 947 1001 1061 1096 1111 1218 1243 1292 1328 1377 1505 1578 1643 1715 1739 1807 1863 1906 1952 2035 2161 2282 2346 2380 2490 2525 2634 2747 2850 2984 3088 3143 3171 3212 3224 3395 3518 3549 3620 3640 3711 3781 3799 3856 3980 4096 4178 4271 4429 4462 4549 4574 4669 4774
60 46 139 176 284 407 434 559 650 722 792 858 955 1025 1053 1084 1092 1124 1211 1345 1514 1556 1607 1668 1803 1819 1922 2005 2049 2139 2205 2243 2321 2345 2491 2611 2734 2798 2917 2969 3116 3161 3281 3314 3406 3506 3612 3721 3843 3853 3915 3986 4077 4092 4182 4308 4371 4421 4493 4564 4679
58 47 155 326 387 465 542 646 711 754 805 872 899 989 1040 1127 1194 1273 1331 1388 1450 1515 1657 1677 1729 1879 1954 2138 2203 2290 2445 2499 2683 2813 2936 3004 3051 3186 3244 3271 3300 3304 3347 3449 3526 3538 3574 3618 3744 3885 3953 3997 4118 4269 4359 4432 4506 4577 4716
62 48 88 143 263 286 346 525 623 675 695 727 841 921 1048 1202 1265 1322 1369 1433 1489 1513 1526 1660 1716 1804 1841 1945 2055 2133 2281 2382 2406 2477 2621 2739 2827 2905 2985 3113 3166 3208 3245 3269 3329 3419 3437 3577 3592 3665 3686 3815 3963 4093 4104 4144 4267 4368 4412 4479 4611 4728 4776
59 49 199 328 438 517 661 775 877 945 1078 1136 1224 1315 1458 1549 1655 1697 1778 1830 1939 2010 2050 2108 2216 2262 2311 2357 2428 2510 2599 2666 2756 2818 2856 2940 3064 3211 3293 3371 3412 3470 3493 3558 3614 3699 3767 3835 3949 4116 4221 4294 4325 4373 4439 4464 4556 4624 4714 4866
57 50 173 194 333 340 419 552 660 735 747 901 979 1091 1270 1381 1552 1634 1777 1849 1927 2036 2079 2109 2166 2219 2310 2434 2602 2638 2782 2815 2840 2929 2992 3035 3094 3241 3319 3378 3447 3557 3586 3631 3736 3833 3873 3982 4020 4128 4154 4273 4389 4436 4508 4567 4635 4771
63 51 107 223 271 338 463 480 533 600 705 730 767 798 932 987 1052 1087 1207 1222 1351 1391 1457 1503 1546 1691 1774 1848 1941 2033 2131 2247 2330 2414 2464 2508 2571 2672 2769 2835 2922 2961 3041 3190 3377 3517 3553 3610 3650 3731 3755 3864 3939 3979 3998 4105 4172 4314 4385 4469 4595 4654 4751 4845
59 52 132 243 399 554 638 703 797 828 950 1041 1097 1120 1182 1244 1335 1385 1474 1575 1609 1728 1806 1903 1970 2026 2118 2198 2340 2485 2500 2564 2639 2768 2858 2877 2974 3120 3189 3275 3421 3528 3554 3608 3633 3696 3742 3911 3940 4059 4197 4279 4377 4431 4444 4498 4587 4592 4646 4721
60 53 184 213 316 427 566 639 659 749 824 956 1038 1144 1163 1173 1204 1242 1255 1320 1372 1518 1574 1703 1817 1856 1865 1897 1995 2014 2135 2229 2241 2373 2408 2473 2512 2576 2724 2759 2841 2964 3111 3225 3331 3364 3487 3598 3644 3719 3838 4014 4147 4232 4283 4341 4352 4450 4527 4588 4725
62 54 113 186 212 273 298 348 449 602 656 756 830 866 871 937 1054 1192 1313 1340 1387 1473 1572 1688 1737 1805 1846 1953 2094 2158 2246 2275 2377 2493 2522 2574 2625 2765 2817 2976 3065 3209 3292 3328 3386 3537 3541 3638 3763 3785 3789 3849 3989 4078 4228 4241 4268 4366 4411 4505 4644 4681 4806
57 55 164 201 306 371 455 540 586 647 744 834 894 1018 1060 1116 1168 1214 1339 1451 1535 1637 1701 1800 1874 1935 2012 2070 2226 2227 2287 2324 2501 2521 2552 2649 2799 2844 2873 2957 3059 3141 3316 3352 3436 3560 3661 3758 3891 3987 4063 4195 4286 4396 4552 4573 4700 4813
58 56 86 116 256 357 462 504 626 698 796 837 883 933 1095 1200 1282 1353 1429 1496 1516 1658 1750 1792 1891 1931 1980 2074 2194 2326 2420 2513 2578 2761 2898 2935 2968 3031 3185 3267 3372 3439 3465 3503 3662 3712 3802 3832 3848 3978 4015 4160 4237 4336 4380 4466 4607 4627 4735
58 57 90 123 158 219 258 382 453 497 564 606 676 757 803 846 910 968 1006 1121 1149 1234 1249 1439 1484 1525 1631 1783 1869 1950 2007 2123 2233 2312 2363 2458 2569 2647 2785 2870 3007 3036 3097 3144 3201 3308 3394 3527 3629 3671 3713 3729 3952 4041 4170 4287 4442 4600 4699
56 58 130 261 424 538 616 620 667 778 879 988 1043 1146 1157 1286 1370 1419 1445 1537 1671 1731 1862 1905 2042 2173 2285 2392 2505 2540 2653 2720 2829 2948 3039 3108 3152 3259 3341 3356 3370 3408 3532 3585 3735 3798 3888 3937 3988 4035 4125 4213 4330 4376 4550 4623 4712
63 59 124 170 289 344 390 537 689 715 799 832 864 917 970 1069 1083 1094 1162 1199 1337 1466 1576 1684 1733 1833 1894 2006 2157 2274 2383 2452 2498 2584 2613 2717 2872 2926 2999 3010 3069 3184 3214 3367 3393 3396 3522 3660 3776 3831 3874 3909 3950 3992 4032 4153 4186 4292 4357 4455 4581 4706 4717 4769
54 60 96 255 297 393 516 631 810 847 961 1020 1073 1233 1283 1348 1360 1533 1730 1776 1867 1959 1987 2087 2130 2228 2318 2375 2394 2514 2542 2680 2758 2860 2933 3050 3242 3345 3426 3556 3730 3768 3855 3964 4017 4217 4300 4333 4415 4417 4490 4548 4667 4778 4852
53 61 150 229 329 368 466 572 782 806 874 1003 1129 1246 1311 1420 1492 1523 1694 1880 1937 1972 2097 2112 2177 2256 2322 2395 2488 2581 2692 2721 2762 2890 2979 3119 3256 3337 3415 3559 3655 3753 3792 3905 3965 4016 4163 4193 4206 4262 4393 4523 4594 4715
61 62 136 270 347 461 523 619 687 738 813 890 926 1093 1128 1205 1236 1288 1374 1485 1524 1619 1663 1710 1719 1826 1928 1964 2069 2124 2162 2266 2336 2519 2560 2644 2700 2801 2842 2886 2980 3136 3182 3257 3324 3368 3390 3494 3596 3667 3772 3845 3896 3934 4021 4062 4162 4343 4370 4551 4645 4755
55 63 168 246 385 403 489 596 634 710 875 912 1017 1132 1223 1299 1393 1529 1620 1760 1839 1940 2068 2148 2242 2360 2461 2588 2633 2689 2711 2779 2885 3013 3024 3068 3121 3250 3326 3435 3591 3623 3652 3675 3752 3816 3897 4060 4230 4254 4369 4445 4555 4579 4593 4674
52 64 147 231 308 421 573 666 755 884 957 1055 1068 1109 1241 1317 1428 1472 1564 1649 1682 1772 1851 1985 2058 2186 2258 2362 2489 2596 2667 2730 2843 2892 3003 3130 3249 3343 3434 3587 3690 3727 3901 3975 4094 4231 4303 4361 4448 4515 4638 4765 4837
51 65 157 228 312 422 555 613 682 776 845 898 964 999 1122 1229 1375 1519 1580 1621 1732 1796 1911 1973 2031 2116 2278 2315 2430 2492 2691 2800 2819 2854 2996 3109 3139 3303 3414 3486 3583 3694 3827 3908 4045 4194 4365 4447 4514 4651 4657 4764
59 66 108 236 264 305 376 518 547 595 760 905 1005 1065 1176 1186 1216 1323 1346 1373 1408 1437 1511 1638 1667 1745 1877 1990 2044 2089 2211 2268 2352 2411 2554 2707 2846 2851 2910 2941 2989 3015 3095 3159 3279 3353 3491 3642 3701 3858 3929 3973 4038 4133 4180 4248 4374 4459 4529 4687
61 67 220 276 377 478 551 571 590 696 897 994 1077 1240 1306 1398 1417 1456 1504 1582 1627 1669 1746 1840 1857 1932 1993 2102 2178 2304 2325 2379 2437 2446 2517 2622 2640 2723 2749 2867 2939 2970 3083 3233 3315 3391 3441 3530 3634 3759 3846 3906 3946 3993 4114 4199 4263 4342 4454 4521 4640 4752
61 68 106 182 200 267 374 440 490 521 643 748 804 862 913 981 1085 1152 1251 1324 1354 1479 1596 1666 1713 1788 1812 1854 1913 1984 1996 2091 2095 2163 2214 2331 2366 2454 2566 2594 2715 2875 2962 3029 3082 3217 3277 3344 3440 3593 3666 3710 3834 3976 4070 4200 4328 4418 4476 4647 4723 4793
60 69 140 205 225 291 384 468 608 704 720 853 886 984 1028 1161 1189 1227 1411 1547 1651 1680 1726 1844 1921 1966 2041 2081 2201 2280 2427 2453 2580 2729 2793 2866 2950 3006 3105 3187 3302 3317 3422 3484 3572 3602 3716 3722 3866 3925 3931 3984 4068 4181 4309 4404 4452 4582 4652 4722 4798
64 70 188 217 262 327 363 476 594 625 750 807 888 990 1140 1276 1326 1449 1545 1624 1724 1763 1797 1855 1918 2051 2129 2184 2276 2332 2397 2466 2553 2614 2701 2750 2914 2938 3014 3085 3163 3278 3318 3425 3446 3485 3521 3607 3682 3695 3771 3862 3882 4005 4156 4220 4349 4407 4437 4503 4562 4610 4730 4753 4802
61 71 91 189 309 367 477 545 671 761 800 915 1019 1119 1154 1219 1368 1490 1527 1622 1698 1773 1898 2008 2115 2142 2202 2252 2351 2419 2534 2563 2591 2685 2802 2824 2997 3044 3102 3193 3266 3338 3346 3515 3529 3551 3588 3684 3801 3842 3948 4011 4061 4137 4212 4354 4379 4383 4453 4554 4605 4692
58 72 87 240 401 501 519 536 568 673 726 774 902 940 1102 1150 1181 1248 1460 1626 1723 1829 1968 2066 2144 2183 2231 2349 2450 2483 2568 2688 2812 2864 2882 2942 3038 3092 3160 3227 3323 3350 3388 3459 3540 3663 3703 3817 3898 4008 4054 4091 4143 4209 4326 4497 4559 4641 4768
60 73 148 195 204 221 317 358 487 508 607 645 679 721 842 959 1063 1183 1357 1467 1539 1558 1654 1757 1904 1976 2023 2061 2122 2223 2298 2361 2421 2597 2635 2684 2726 2780 2838 2937 2967 3032 3077 3129 3273 3442 3582 3685 3724 3813 3869 4051 4188 4203 4299 4458 4528 4598 4658 4743 4759
61 74 118 206 361 481 582 662 669 764 878 969 1045 1118 1203 1309 1414 1486 1502 1571 1640 1676 1798 1938 1983 2021 2072 2117 2167 2264 2302 2354 2451 2516 2696 2751 2814 2893 2952 2972 3062 3223 3294 3307 3438 3533 3697 3769 3847 3907 4000 4086 4183 4250 4321 4401 4427 4470 4531 4662 4741 4790
55 75 138 250 336 509 535 628 700 768 857 906 1062 1125 1285 1332 1421 1530 1586 1686 1753 1842 1917 1997 2037 2120 2172 2263 2338 2484 2586 2741 2900 2988 2995 3060 3230 3246 3365 3450 3534 3689 3707 3782 3809 3884 4052 4132 4189 4257 4329 4402 4533 4648 4696 4763
58 76 134 301 381 423 598 621 670 790 953 1009 1032 1072 1180 1293 1394 1477 1557 1632 1752 1787 1835 1933 1974 2063 2098 2125 2206 2323 2369 2456 2617 2642 2718 2861 2983 3034 3157 3238 3322 3403 3520 3603 3646 3746 3808 3871 4009 4151 4295 4384 4428 4519 4591 4621 4727 4745 4758
68 77 117 214 227 388 441 529 546 630 811 870 941 972 1037 1076 1235 1277 1383 1453 1543 1595 1641 1675 1702 1735 1824 1882 1925 1949 2071 2182 2245 2319 2390 2502 2548 2603 2682 2697 2755 2830 2919 3070 3147 3195 3263 3289 3398 3496 3524 3568 3651 3741 3880 4033 4168 4224 4244 4281 4355 4391 4483 4524 4634 4698 4827 4834 4848
62 78 210 339 470 635 788 831 922 952 971 1046 1104 1172 1213 1230 1312 1495 1647 1704 1775 1943 2067 2164 2273 2328 2426 2457 2480 2527 2624 2646 2716 2778 2823 2859 2868 2904 3021 3164 3351 3400 3457 3483 3510 3569 3626 3673 3807 3899 3951 4010 4099 4122 4131 4214 4258 4414 4465 4612 4665 4668 4792
58 79 114 237 311 456 507 574 752 759 854 975 1153 1257 1333 1363 1452 1512 1617 1653 1754 1818 1956 2018 2119 2190 2249 2347 2422 2439 2529 2626 2742 2831 2862 2915 2966 3037 3049 3137 3196 3327 3411 3499 3599 3762 3793 3969 4069 4140 4236 4318 4419 4526 4649 4671 4688 4724 4794
59 80 110 177 208 277 379 433 494 549 642 736 844 930 1016 1050 1133 1252 1290 1441 1597 1630 1673 1769 1850 1890 1946 1958 2043 2111 2253 2384 2448 2530 2652 2797 2806 2894 2928 3002 3132 3251 3379 3495 3523 3544 3636 3653 3773 3821 3961 4079 4201 4274 4420 4489 4617 4695 4718 4762
