29 48 4575 3786 3830 417 9042 1079 9546 8597 7282 3531 7604 485 4353 9226 7614 4654 2808 9110 3625 4217 3101 1920 8438 4262 5906 5863 2974 5114
12 84 5991 2959 2837 7286 8129 2721 676 9688 4684 2334 9437
13 88 9405 4546 9459 6774 4460 4369 9363 1011 5827 4650 4118 2701
17 187 2748 3368 9289 1232 2578 7988 8945 281 4282 9141 6548 405 4232 3674 7179 9055
26 303 166 6004 780 6141 5422 1324 1441 1311 9975 3930 1220 6393 5534 5188 6203 8650 6047 1047 8817 4663 4521 1782 363 8016 8318
10 474 3354 3554 8085 9419 3082 8555 8228 2240 5995
14 568 457 4376 4658 102 7448 120 6331 2164 5709 8072 9015 9085 7368
21 677 7188 1170 8586 5025 6718 9680 8940 7364 5170 1985 8257 7234 3505 8111 125 7786 4210 521 2267 2459
11 719 2095 4871 2568 8691 7940 4073 8601 1519 7331 2995
23 837 2942 5189 4867 47 4957 9832 4986 767 9284 9238 2086 2769 9361 866 5976 6102 4915 2351 6324 4524 4889 7254
15 1066 6912 5193 4105 6248 2248 4426 7266 695 8748 6830 8813 8314 8526 7280
12 1178 147 7794 8026 4628 6880 112 5117 7340 9748 471 505
21 1209 4233 697 332 7434 2059 6313 4798 843 6426 9441 7490 3267 1383 8833 2994 693 8971 9605 3888 4822
9 1315 1013 3510 2497 8747 7092 225 2591 2514
22 1335 5858 1233 9735 7732 775 6081 2680 4564 1638 9300 3454 7547 9231 2749 1974 4036 941 6637 8972 2081 3706
14 1515 1635 5006 4154 656 6638 3802 6407 876 2121 8099 582 304 7298
26 1543 5387 5698 3462 5777 8419 8681 7211 1281 5838 7309 2115 5074 8815 3606 3339 9941 5139 1850 5512 333 4739 1165 4762 9961 1657
11 1560 5554 5757 4225 2573 7330 2688 7449 3401 5595 2778
17 1757 315 9045 9297 8614 1693 9262 9466 8694 2558 138 7145 7542 2104 8064 4365 8621
21 1900 3651 7975 565 8348 2473 7941 4552 3258 599 2760 2383 2154 6423 4809 7510 8165 8584 6675 6545 917
22 1992 9320 481 5212 6749 5158 4749 646 7811 6491 2809 5907 7857 9299 7610 9658 731 385 6332 1535 2214 8531
15 2009 9267 9104 3783 7994 853 159 6784 7693 7903 4496 7866 5473 6953 1027
17 2135 3826 3334 3537 8353 2652 6832 1051 350 5171 6187 8673 6945 470 2336 6791 1049
17 2356 2738 1651 3557 5495 4541 7595 1098 7829 2648 387 9298 1695 3152 3650 7201 1151
18 2432 2424 817 7768 9757 984 4990 2954 118 4113 7167 7998 9221 8307 4443 958 7944 3919
16 2519 5948 1090 7373 9872 3636 9981 4099 4696 5861 7453 261 2197 1163 815 4900
25 2571 8484 3596 5710 428 9071 4643 85 7278 4872 6902 6727 9303 8799 6806 2636 2504 527 3699 171 322 2936 4039 8828 3670
11 2581 2063 1914 4881 809 2644 1382 803 5754 4526 4373
6 2695 8274 4830 5091 8672 1650
20 2920 5971 8774 9926 9947 7683 8682 4659 6762 3622 2477 5451 3225 6734 5655 6219 2687 331 6162 8135
10 2949 3579 4352 5622 7274 7691 2374 3570 3672 9421
23 3156 7028 4196 3066 1201 5662 5913 9070 9028 524 6120 4690 255 4543 4692 2244 2299 5093 450 8280 6667 2257 5363
14 3253 1192 1911 8345 4440 9919 5475 2892 6469 1502 2447 4176 8392 3713
22 3580 8254 8079 8795 6078 3364 7555 3146 987 2468 1656 9479 8291 6861 4168 4878 6975 6025 8281 2500 6299 591
19 3629 7346 8493 2921 6562 8883 6064 924 2139 7046 6612 8258 5921 3214 735 8668 9802 5277 2028
10 3696 7503 5099 819 1071 6038 686 9886 4461 9327
16 3869 8458 6536 3615 9497 9159 514 5899 2156 6751 8134 7142 6820 256 5502 8495
16 4008 1883 7512 5307 8194 1453 9357 458 4853 5105 4456 4453 3925 7650 6773 1932
20 4078 530 2780 4404 3270 8995 1239 9900 4328 523 9526 6041 1748 1448 9778 9139 8933 4429 6996 8628
14 4094 2296 5721 5511 5107 6814 1886 4366 6237 5792 6677 7749 1844 743
22 4309 9246 1970 2235 9179 141 9962 459 5835 5619 7726 6437 586 6235 1328 2580 6542 8153 4468 9039 4155 4946
16 4377 7064 3104 6634 2952 2105 4070 9083 8669 3413 4619 9616 5966 4122 7396 827
20 4435 1218 6186 1949 6133 8300 3896 1947 6898 4358 6234 8917 9547 8076 9318 9293 2965 9188 3662 2860
16 4525 8302 9559 4482 5352 7203 8595 578 4677 3085 8494 6157 4718 3115 946 8299
11 4839 4387 9012 8410 476 7520 4517 3136 7728 3144 6531
8 5018 2512 6003 210 5601 8379 6744 7909
5 5137 7761 2330 7488 4085
18 5299 3197 9087 5996 3947 8464 8155 2654 8245 9379 5486 8516 2478 3262 9239 5805 814 4572
15 5335 3147 7216 7513 9741 6800 9474 7462 9225 4660 8127 3630 3707 4754 2499
15 5440 8425 6457 3160 5480 6366 7507 9988 8049 2768 3379 9725 4732 4505 1687
18 5868 4184 9105 1685 1676 9027 7103 3731 9694 8819 4279 9213 8576 149 5320 3061 1329 6759
23 5970 2788 4815 3022 9538 9761 2817 5238 106 4800 7370 52 6114 1681 2051 153 9072 985 9730 9386 3523 5759 1971
14 6002 6139 2436 4673 9925 3039 8108 7094 8855 2903 9510 6560 8905 9895
12 6031 1864 3155 3694 2228 1771 4473 2153 279 5908 7871 487
19 6252 4397 9623 6681 202 4533 3470 4489 6339 9727 7531 545 8068 7071 7302 1124 9959 9344 8734
18 6403 560 3904 6659 9553 130 4072 6378 9758 5537 9428 6679 1749 7608 968 5181 4816 9367
19 6412 1251 2904 3739 4171 4123 2275 3974 6416 5380 6292 9114 7757 8284 5728 3628 9732 2303 551
20 6466 9128 1363 6474 2999 8671 2857 1101 9641 6161 3811 3722 4264 126 9955 5689 7978 5747 3342 2097
26 6670 9768 1121 9631 6710 5054 3493 3117 3532 7187 4498 2393 3450 2607 3127 7689 2078 7645 6167 8993 7403 6995 6738 1358 7887 1036
16 6783 1228 1267 1508 6729 2434 2930 2706 3901 7770 9849 6641 8225 8253 9059 7030
20 7005 4223 6206 975 8285 4629 1746 353 5967 1979 2901 953 6619 3948 3847 7237 8591 3487 5357 9275
12 7013 2042 1308 2175 3235 1340 3980 3353 8013 5590 5215 358
7 7109 9836 1785 9533 7605 5506 7121
8 7270 2122 4104 2037 5464 5694 7743 2099
17 7399 2963 8203 8448 5156 5433 9889 8804 7745 8272 7613 9683 253 5195 8436 4960 1155
19 7463 7293 9452 8309 439 6818 3453 7479 9604 3418 553 1912 6179 8533 1692 5878 6223 8534 8935
12 7475 9820 5332 5702 6460 1799 8182 5155 5411 1123 2137 639
24 7928 9406 7451 1588 4153 35 8937 46 9265 5400 8956 5219 8237 6963 4340 5929 728 1525 5729 3437 7969 8498 3582 7294
21 7956 5654 1313 8766 7380 3435 6247 2260 715 8500 2191 4330 5314 26 7798 1901 3283 6490 7160 7299 5761
15 7965 6404 6377 7594 5527 5582 1624 5308 3053 7999 9651 3331 7250 983 7930
19 8175 1784 8739 3073 7737 3398 8191 4966 5374 3657 4244 3278 9508 1411 361 8442 8200 3526 6568
13 8292 6053 1186 6927 8176 8761 8617 8062 9912 7501 1061 2587 5905
18 8310 19 9402 4717 9248 1004 2264 1389 5373 6625 6171 8415 3796 8197 1885 305 4817 8805
19 8640 7210 6245 8034 6601 3468 97 9082 1679 5670 5353 6231 5104 8343 4218 8471 309 7500 8469
9 8773 4642 9056 6138 7363 733 8325 1289 3926
15 9256 4300 5603 8505 929 6451 1424 2715 8009 5396 1989 6811 3577 1298 5807
20 9313 4833 3396 9613 9199 6374 4213 7301 5550 8401 3210 412 8976 1031 8750 77 1450 201 2451 798
11 9393 5218 1100 364 9724 2417 6519 1876 2596 1753 7018
9 9504 6609 7024 6874 7583 34 1224 760 2676
19 9707 6150 6413 6575 9375 2984 7629 3946 6909 5700 8446 7389 3285 2737 2923 9554 8656 9331 7292
15 9913 2831 2661 4119 6098 121 7817 5394 3924 7483 2325 4710 8863 6149 556
19 2465 9985 1873 4493 3290 5426 7724 1193 3710 7754 1967 3293 732 1296 7962 8954 7272 1851 7738
16 9976 6123 4537 730 3614 4722 2498 4235 4407 3299 2396 6130 9175 9958 1906 2763
16 4379 2975 5887 2916 4645 5837 5553 6122 510 1827 4076 5568 1449 5490 5605 3897
22 3607 9996 9944 5829 9524 3038 942 8412 9505 1391 7516 4824 736 5786 2443 5548 2611 539 1477 6079 2988 9211
14 5497 7186 5060 7117 5983 9247 8177 836 3551 1740 5738 9853 4166 2331
19 9847 9685 8277 326 2036 9477 6244 8860 1110 2867 3790 8830 6728 5767 2854 7352 9929 5696 9788
23 8878 552 6871 8151 1494 4497 8560 8981 2108 711 9054 1393 9790 1980 2945 9043 4312 243 6855 7400 7571 6555 858
19 9752 9463 3475 5351 6523 5830 8970 4270 9496 2192 8928 1203 4394 6678 357 515 9630 801 9435
13 2735 5369 502 4705 3119 6272 7425 1859 508 1643 7339 2693 3174
18 9084 2511 2649 6119 5628 2320 2790 1930 355 5163 2 9330 2740 1435 2087 223 6175 8720
27 7429 3311 4207 7442 6446 7922 751 2919 7816 9440 4775 9370 342 9810 6726 7021 909 3473 7939 7177 1770 1750 8676 8697 8478 7695 7545
15 7657 7224 7196 7411 1169 867 2612 8901 5176 688 4237 1976 8920 7917 2772
12 4090 7180 3291 2035 5824 6925 5062 2332 6184 863 9774 7708
23 3442 3067 206 9874 119 497 9610 161 2665 5576 4858 4247 2875 2023 7793 9513 9358 1534 6629 5384 9548 1836 5840
15 5693 200 7666 3921 8772 611 1365 8938 115 934 3086 1050 6798 7886 5326
22 672 1492 4421 935 7208 2217 8190 930 6082 2045 6163 4828 2315 7900 3597 5247 9029 3748 6061 7417 217 2405
8 6822 3202 694 1035 3916 5416 9235 4708
19 4494 3461 9636 9116 4615 9842 1968 3669 230 3372 1199 5472 1073 1314 2016 3389 1996 160 9315
23 549 7236 2425 3585 3566 1215 91 7933 1644 8686 7873 1896 7078 8743 2375 5140 9798 8246 8252 6429 8927 9053 1196
16 9619 4648 1908 2967 895 9209 6251 9249 4075 2344 9470 7551 8680 420 6588 1056
20 1305 6485 2006 2074 3616 4029 6009 4355 7037 7894 5134 4128 6816 5167 2632 4423 5796 2378 8852 2699
20 9563 2495 5477 32 7663 9394 1211 9822 2206 7654 2229 490 774 4997 5484 8283 4097 2911 7942 5119
18 6263 7889 3773 8146 2992 2245 3116 4555 7256 9381 1620 8038 6391 2479 83 7935 7990 2149
18 5192 8020 3317 4246 3193 9639 5462 6722 7755 5133 9444 3351 5309 7635 6131 4478 3419 3764
18 3055 1524 4782 2000 5241 2173 9264 4689 9229 8261 9541 1551 3242 1351 1611 8181 8196 2403
21 1097 7398 3176 9628 9696 6220 3051 8403 7730 826 3165 7316 9823 7920 7305 4685 2863 4219 2844 8599 850
23 4601 9046 7585 3816 9702 4639 3393 9222 6367 8801 4832 1012 9155 3428 2024 2978 859 7853 5271 3736 8241 3365 4827
19 9003 7020 9144 4807 7193 531 3949 81 3754 8444 9659 6240 3377 5097 1796 2237 9170 7961 1361
24 2247 6239 951 1175 5453 7162 3439 5632 2048 6345 6921 3295 5039 4893 692 1337 6692 3484 5183 7741 8889 6126 2085 3223
9 2015 2480 8058 9950 2065 7334 2082 1688 8140
19 4742 1447 945 1002 7457 9896 9074 4802 8741 518 9816 581 4902 2433 4102 2555 3927 7128 3517
17 700 6493 2106 277 8915 6563 6584 7548 1331 2368 4347 4236 2548 8150 3163 6442 8513
15 423 7612 3384 5282 9483 6488 4747 6436 9571 2017 4578 7385 9665 7345 3001
14 8518 6189 7230 8224 3795 1580 3936 9205 495 6308 8842 6755 4501 8704
20 1273 6786 1177 4602 8173 3315 5514 7592 1875 8926 235 2633 2116 8593 3233 3010 6264 2263 1554 5795
15 8731 7846 6327 4656 7759 595 8324 2362 5260 9911 808 9987 6824 5780 6661
19 6689 8213 1512 6125 1386 5779 4035 1686 3958 2745 252 1480 1282 4921 893 4329 2420 9598 8771
10 8890 2400 9716 2684 184 6431 7447 6347 2971 8002
13 9514 3257 1904 665 507 9678 2385 9263 5014 5441 8045 4849 1894
22 2720 7993 8328 1200 6128 1272 4587 9751 7041 9232 4584 5959 816 4562 7132 7781 4351 8115 1672 5186 1890 8846
17 7861 1637 1874 8263 5070 3211 576 4290 4198 4188 877 3553 6289 3296 868 1434 5936
20 3090 9666 4836 6989 3524 1595 7915 6056 9838 3556 2151 4964 4770 3016 414 9835 528 3452 2895 5109
22 713 6884 3411 9769 3191 5593 2673 3952 4491 9837 8603 1568 1464 3894 2710 4950 9181 3074 4765 5149 496 7443
13 7936 7096 9458 9133 7014 938 8063 5442 9593 4845 5597 3700 824
11 6277 7198 2973 1399 2437 6897 2204 9153 6709 7855 8162
11 203 4121 1513 9661 2789 701 7839 7107 1769 3659 1816
13 5934 8370 1986 4141 4854 3326 9151 8953 1831 9362 1420 5143 5444
14 6901 8629 9316 4761 2212 4060 9767 887 4852 9629 1171 1666 7925 8757
14 6815 8290 4666 1529 8125 2804 3308 8911 6290 1037 4565 2269 6400 162
8 7070 2736 2777 5525 2365 1696 3018 3730
15 4679 8800 5684 2893 2670 6415 4992 3613 7313 2294 1164 6561 9786 347 9093
14 5445 1803 8998 7080 7659 4625 9498 5249 5184 4359 5763 8427 6511 5945
15 1105 6062 1302 6178 4892 8366 936 6363 7588 5575 3330 1265 3684 1505 1765
26 2883 5875 5890 8338 284 8791 8368 6647 9952 1259 1417 6838 6683 6821 5999 2614 8431 7538 4620 260 8822 3376 5741 2047 9855 1916
17 3817 8029 3541 9640 1723 9819 1146 5583 9671 2213 6540 53 7098 7753 339 3382 4954
25 9305 9090 7446 6771 6526 1349 6893 9570 369 5564 1790 7045 8109 7712 7949 9574 2599 2506 5981 512 7321 5943 6813 2873 2027
15 4059 3276 1973 7679 5998 3231 4772 9026 5565 1235 4715 6590 9431 5132 5333
12 1138 6924 1142 7226 2077 9118 5050 7342 382 2174 6885 3271
20 5324 7553 3426 4003 2409 7785 5853 3530 1476 8864 536 5040 6696 3776 3027 449 1889 8528 5427 1432
17 1867 1625 7102 7174 8642 4930 6484 1299 4114 4734 6059 7220 5919 5522 3878 3590 8231
6 4758 2742 601 7464 3547 3449
14 311 2797 9812 7197 3394 1584 2272 8326 8872 4093 473 3161 3412 6309
18 6381 965 4826 164 1496 6280 4664 2924 388 9319 6211 2933 800 7707 1538 8525 9807 3318
15 2917 8848 6711 5712 3583 1381 592 6733 3406 4712 2093 6086 6532 5993 3164
14 6706 2166 5120 4410 2570 7492 8615 9647 4588 1236 4430 9930 7699 6827
18 7957 1010 9109 4595 1631 1143 4701 3877 8903 4032 1999 7137 841 3844 1596 5270 4917 7550
23 769 1332 7320 5295 2651 7386 2160 8378 2753 1475 4206 1589 550 7624 3501 5262 8074 129 5675 50 2712 7706 3823
17 519 8787 5990 6164 2399 6430 823 4607 4503 1412 7532 2467 1198 3845 8428 3341 158
19 5717 3092 9353 5539 7209 7916 156 2525 5941 7414 8988 93 3595 5102 4912 456 3961 5882 4438
10 4071 5572 6836 318 5187 4007 5982 7238 5496 7670
16 606 666 1942 5033 137 9368 5864 5785 8532 786 8060 3920 8812 9969 7439 340
20 8708 3236 2915 7086 2167 2140 5036 5088 674 8780 6134 8027 9333 2859 1905 4135 8048 9518 9323 6841
21 3549 4885 5517 95 4405 4880 4326 3785 3133 6268 1532 8339 8918 1591 1499 8986 8969 8810 9801 7656 1214
25 7499 2324 8548 5516 3885 2577 5267 2771 1250 3122 7907 9612 4046 4773 6642 6857 3574 8400 8470 4518 1870 386 7552 2414 4874
16 1776 6922 7710 3732 2171 7515 2407 2040 2645 7842 1834 238 1342 2719 8387 2582
22 3307 699 4661 5920 381 1647 4544 9138 6279 5526 1710 6386 1934 2021 6799 5191 744 9902 964 250 7095 2590
20 8477 4414 4455 4863 4396 2323 1294 7043 3227 7271 8312 6905 5630 2882 5180 366 9706 4368 4382 1291
19 6663 7471 5856 5540 3058 3220 92 9429 4713 2377 2810 872 9269 6923 3521 3374 7675 5355 8592
15 5235 9864 4709 3675 3843 5064 6987 1428 2535 928 2039 3130 6776 9674 3360
23 5300 5491 4507 9002 7253 4017 1109 6630 2898 5610 3757 1840 5026 6452 6281 1918 2560 8362 6030 3387 9009 5288 2820
16 9409 8024 5205 4349 5719 5678 2751 6699 4486 3635 5778 4512 6928 5007 6385 5430
18 8950 825 846 4704 6639 6805 5298 7176 7222 7918 3221 5061 1042 3747 8689 870 5401 6691
24 3167 9544 2657 135 2537 9557 6173 8806 1325 377 8103 8416 2534 7865 3610 399 6810 4682 8745 5166 3511 2254 3805 2155
8 563 3798 1820 3476 880 4009 5704 7718
11 9679 7325 8755 7615 1266 3979 5220 6509 727 8914 9261
21 768 7277 3818 9972 2394 6716 462 3305 6379 1264 6839 7384 1819 6983 7101 8873 28 3545 94 8778 7031
10 5860 3333 2143 9845 9954 5734 1322 9425 43 7838
16 8758 2613 1509 1436 6962 7830 5725 3079 5801 1075 1953 5625 5852 1606 723 1730
7 8670 8540 5385 3256 9718 5851 5255
16 6916 4877 1564 7312 8653 2927 5228 7019 2505 886 4944 2541 4730 3448 7995 9471
11 9888 6662 2642 8991 6703 4065 6579 9288 8987 1922 9400
21 6807 8736 271 1804 9575 4291 3663 881 8990 4699 8984 9516 1117 1944 8793 6873 7734 8565 9572 1990 45
17 2316 7329 4048 7805 8028 1368 3443 7440 5172 257 1253 5419 2913 27 6510 8966 8443
14 2061 2784 6159 8786 9705 2639 2060 7684 4899 6908 9355 2461 4621 9372
20 5086 7114 6804 5541 211 643 4031 9632 2043 7221 4784 5386 1774 3992 8692 274 4092 6552 7521 8336
17 4058 248 2605 2382 5428 7665 990 2072 5009 4884 5481 6253 3070 7502 7651 1041 1286
21 4618 1227 4781 9495 5711 8504 7477 403 7643 8610 1096 4550 7296 8590 232 5216 7860 8107 973 5483 4175
24 7929 9011 7668 6101 1613 4888 4971 7573 3862 9859 8746 6443 8598 216 1471 7130 3841 4804 1463 5106 5456 2030 3158 3649
13 7561 8902 7323 3565 2333 6182 1319 6730 9843 9384 8841 2068 4258
19 7401 5237 4665 8588 3666 9492 9171 7840 7239 4895 9073 3905 2938 9754 4569 3359 996 4004 4439
12 2384 8136 3772 7672 1217 2956 7735 5877 1707 2832 2496 7336
18 4855 4475 9543 7867 3036 2551 6213 3062 6476 2220 4937 4019 7341 4012 3222 3763 8143 5722
20 273 2589 6450 718 830 2352 8831 233 9420 65 1897 3550 3689 3913 2084 6504 9233 3935 1375 4362
11 6831 6110 7779 659 4653 4449 215 9000 9230 6462 453
21 9325 4693 6192 3490 9549 7579 3169 3793 7769 2842 7931 7194 8916 9407 7062 3808 3078 997 9862 6847 7408
19 3444 8783 726 655 977 241 2119 709 5100 7143 7366 5329 5519 9826 6581 3508 2524 8875 2226
21 5769 6529 874 7572 4703 950 3047 3370 9037 5043 2187 2602 9478 6103 8871 4167 5305 4357 1921 9113 7402
12 9140 5034 1955 1994 956 6645 1245 1352 3482 9019 8544 174
19 4948 6966 3784 1189 461 8644 6156 1504 7267 3436 3356 1720 6043 7189 370 9933 5035 3385 5022
20 8703 1406 9469 4720 9512 6648 3124 5695 9858 8220 4969 6932 1176 2835 5658 2861 2308 6801 7240 2918
14 117 4208 8462 6879 8620 7823 2218 6578 6858 742 2354 8922 1678 4030
9 7913 3759 7169 6593 2412 1566 5349 8887 4001
16 6695 8932 3196 2928 7637 9252 1924 2373 7148 991 1154 3832 2996 8512 1533 3943
17 7040 3540 3821 4920 6550 2799 8609 9035 4400 1160 9228 5879 3851 6610 2567 8081 9102
18 3855 3990 6473 7698 6076 2527 2415 516 6868 6866 9302 5992 8811 4898 7528 5128 6736 628
9 3371 4164 1518 7934 1733 5409 9044 2756 6565
14 8329 842 5487 6307 8346 7602 5626 761 3194 9364 2053 6215 2367 5118
21 9675 5112 5466 7249 4228 4806 354 5124 2884 294 3621 408 5556 6682 4947 547 3738 972 220 1673 6037
19 6198 8426 839 3740 1587 1553 4441 6757 6999 5302 2402 4125 5664 1416 3756 9870 7848 9865 2471
17 9449 2585 9684 6971 3839 397 3986 1907 754 5880 5911 5313 4903 8250 9877 1316 4336
10 4307 6502 1734 4080 1111 8306 5098 7960 5463 5680
21 375 8715 9286 7097 7901 8116 9062 8631 6930 509 6596 5094 2341 90 2159 9943 7549 3873 5793 2350 3519
11 1040 6265 9251 6883 8963 5042 5004 9880 5274 3178 6320
17 222 1407 9974 6741 8835 8521 5686 1430 708 9763 4459 9967 7802 5175 1025 344 604
23 1005 9191 3866 5699 8856 6615 8529 7642 3434 286 4159 8562 8481 11 2850 3686 2190 6948 9086 2274 2242 3361 7360
7 9550 2314 1455 979 1292 1981 7809
17 3555 2536 8892 5566 290 9190 4139 8951 3513 6946 4433 9192 4266 2621 5154 7972 9108
8 1135 3645 6622 4993 7497 6286 198 4334
16 3578 8214 8895 9983 7566 683 8545 2109 4251 6604 7076 8763 8335 5645 3091 3217
8 5424 3708 8820 6515 3525 3881 2868 1401
20 4894 7687 3029 6255 6058 2731 7692 9158 3770 5087 8413 4211 8148 4470 8492 9460 4567 3567 4152 2619
6 920 7948 6505 1682 1789 2183
24 9799 7709 5510 6756 4285 2934 6356 2741 9033 1537 6657 4857 3752 3474 4608 2765 2231 6176 7397 6376 7012 6169 2232 9982
18 2559 8630 7287 8376 8574 9805 5090 6000 8575 9457 8665 9964 4834 4594 4634 2234 4566 9219
13 6541 5377 6438 1557 4450 2866 4890 6325 6763 4100 2010 7890 6315
15 961 3918 8713 7347 8014 3874 2557 1255 9436 6414 3237 6777 4322 2662 8936
18 372 4873 5743 6208 8110 7135 7808 5008 3751 3714 3416 5292 5243 183 195 3917 7168 7003
7 7952 6200 8059 4887 8439 1119 1623
9 3654 6680 6353 7529 9848 2186 8003 905 6145
18 24 9649 5285 1628 9712 6537 7171 4477 2395 6243 2397 9881 9208 3750 1317 4851 5640 1956
14 2869 6747 6455 3017 3840 9681 617 7912 8652 9075 189 1067 9966 7212
14 8962 8699 7631 9485 3680 8112 9576 1182 5914 275 9908 6779 1283 2955
8 4637 9052 2147 4411 1029 6116 7454 6707
20 4150 3424 7248 5892 2982 671 2033 9564 5713 5116 8827 4117 8159 1598 3854 2513 4499 2694 3123 6459
12 6115 5027 9733 1323 2718 1772 9237 6823 2876 4187 3820 8041
15 3988 1630 864 5816 982 8298 9833 1458 3230 4265 8992 4025 7371 3955 9522
28 5885 1372 2026 3875 3375 1102 6399 3261 6121 7474 9789 1470 319 3846 6743 7178 4843 6926 122 7326 537 3962 3142 8738 6249 9017 2655 3355
13 541 3249 8449 7648 4011 7796 3137 239 2431 9348 8473 7932 7854
23 4143 6654 8979 9602 2198 3445 9180 4063 5045 5031 9438 8662 4821 9321 740 8906 9092 5681 1671 4395 2295 9204 1950
21 6228 4200 2782 7337 6705 5584 5866 1511 2667 649 9566 9729 8952 1431 3767 4810 6528 4389 2517 8461 6497
22 622 9282 7876 5668 6538 529 1487 7134 9272 9388 4249 6140 4539 1590 1310 5733 7405 2834 1941 5850 3639 2493
17 1833 902 4299 4558 6903 6023 8876 1422 6850 5250 7205 689 678 8775 134 1078 6318
19 6961 2123 212 5627 5291 5815 7456 4623 716 7609 9994 4043 8264 72 9682 227 1839 2239 5111
21 29 1024 9830 4202 8128 6034 1902 6270 2044 2406 584 2359 3251 9337 3973 3391 2943 6027 6124 6660 5199
16 1664 8209 513 1655 6764 4245 2776 9392 1700 5452 8664 7422 2057 6591 8286 205
17 55 2603 7891 6352 7686 908 1016 7987 133 6974 5529 3159 1567 7556 8248 2672 5261
17 9523 789 6475 2181 8854 7245 952 2343 15 2439 4272 6444 4746 9456 9946 813 7060
18 9216 9691 3129 6547 5656 5642 6196 5344 379 365 6864 624 7807 684 4144 2757 7291 2617
8 9283 3148 9306 2566 7870 7444 2526 9418
17 4842 6877 1640 1503 3319 2997 6480 1062 2290 8798 3799 6793 7620 8383 9397 1065 6020
16 2576 3546 3208 3601 9890 7172 4938 986 7856 6066 9346 4335 7099 2685 6572 3081
26 4346 7711 6765 5602 378 8742 3102 9809 3247 1309 4532 2622 947 8646 3907 6970 3150 3266 3568 3813 7072 1167 4370 888 681 5594
20 1888 9473 892 9806 8803 5917 3477 4593 9846 4756 8667 163 6571 8627 5523 6920 5023 9142 8169 6583
24 734 2230 4686 6425 6392 5503 2207 871 5809 3314 1348 8857 912 9378 5122 9278 9250 2950 534 7273 4360 4053 2980 7815
15 3149 1113 8434 5957 9464 7284 3959 9917 1277 999 8360 5870 1485 25 132
15 7119 409 2896 572 1355 1369 5405 8164 847 30 280 3561 4087 7147 4238
12 4214 128 6360 9254 3594 6216 3760 4789 9978 9447 2215 6054
15 7862 7534 396 3829 2246 4981 5317 2762 2062 7265 6174 7584 7155 4771 9991
21 157 7864 873 2107 1248 3673 2052 3269 8688 7587 9490 2595 6785 1058 42 139 6636 1828 4579 451 6980
21 2986 9137 6875 3083 7567 4250 7685 3433 6719 7315 2453 5465 4314 8551 894 2142 6117 185 2646 5196 7247
18 297 1852 482 2132 2981 969 8296 1197 1271 1188 3007 5041 8460 37 6083 6396 9193 5705
19 1978 9255 448 1634 6809 3775 8101 9101 7275 272 7806 7004 3292 1649 8931 1262 6224 1925 110
20 3103 8489 9401 7927 3544 9657 9065 6346 9731 2969 799 484 6406 3145 1857 3982 2462 2012 4222 6303
15 5341 739 6199 1489 1421 8796 146 8882 9742 9156 3735 8051 8097 8605 9245
18 2912 4583 7677 1223 854 3721 7263 9195 7113 7872 4221 5804 3213 9152 9244 855 4870 5136
16 3281 6558 7546 4016 7884 169 4764 896 3970 8303 1945 7327 5383 6666 8709 1498
21 5716 7810 400 3105 7554 6984 9135 6618 244 7778 4224 2034 67 9783 4942 6486 3828 2785 9389 1183 6154
10 957 1778 2565 2958 4561 8017 3593 5364 7125 6600
8 6724 6410 9804 3232 5994 9377 7921 6464
21 445 5818 2520 6669 5888 6498 8530 4585 7847 772 5847 1364 777 1715 7630 3141 3009 3300 5080 748 4333
15 3693 3263 2056 6402 6896 4958 5437 6904 698 1741 3536 8141 7800 8347 5498
15 2020 1838 8792 1729 1835 1745 1081 4838 2144 1125 1371 2552 2102 2894 7480
15 8395 8104 533 3906 8546 9817 1603 852 6712 7626 3052 1116 8061 80 4051
16 2008 7082 5748 1997 483 8768 415 5382 1008 5211 7065 7009 6833 1714 8025 4464
19 8406 3409 5214 6942 6742 9620 376 6132 4415 3507 6605 3277 2947 8199 9506 8317 1618 2381 4341
22 5598 4260 2335 4980 989 1755 6580 4371 7150 7924 2841 8293 4038 1394 3893 4978 4067 6714 7646 1622 9899 3006
26 3030 9385 2686 5674 3181 7837 4989 1069 3425 9592 4343 4515 724 9884 4487 5730 276 2634 5421 4694 8015 9422 9699 878 3806 3815
15 3471 2791 368 5782 5289 6104 2345 1781 22 6387 1053 8844 787 954 6651
14 7141 658 5113 2426 7255 782 5234 4318 7882 2802 9186 8961 1516 9697
19 8102 6420 7787 6357 9127 8695 4792 175 1779 4924 538 2438 6312 916 3489 6608 5479 2003 5706
19 8840 2422 3381 3584 9143 4916 2713 4106 4457 4044 283 4549 4323 3495 2793 963 9866 4932 3344
13 585 1609 8447 4064 5182 1792 3807 992 7636 1817 1321 4719 9618
15 268 4935 9078 3833 1910 2900 2482 292 9475 6274 9424 9031 9624 2241 2370
11 4495 7129 7792 4794 8157 6012 3972 7246 2696 4027 4191
19 1353 3697 2538 2539 8133 1460 6825 1443 3203 967 1166 3031 8624 7090 8997 5925 288 4674 1423
16 5406 2297 1521 6907 9644 4096 5340 9366 1597 2398 3397 8567 7377 6225 63 7378
13 8342 8978 2305 1963 4953 7191 2288 2358 3352 7797 8039 3788 5832
15 5649 1721 5123 3997 2846 7392 5268 889 6863 9183 4000 9416 8161 2871 4835
16 7640 8711 4045 6094 3895 1045 1709 1946 6447 9709 9780 3939 6790 9945 1780 9285
25 1528 7140 8055 4630 6029 1500 1977 660 9068 64 629 3648 3909 3466 9584 3075 7647 6165 8749 6226 6543 3000 6001 8354 8305
16 583 696 3430 6316 4613 4940 4021 1346 4089 2054 1531 7926 4711 3753 6939 8475
24 2941 2079 9627 199 5620 6454 9949 2304 4344 3609 5356 3421 4866 9611 9687 779 8334 5958 7904 8361 3660 4419 9119 5987
13 8204 7638 8536 8989 1913 1762 2979 546 2966 6910 4317 3336 5789
24 3025 1605 4437 5089 720 7000 3325 2404 6172 6344 2184 2796 8814 5278 338 4988 9643 9480 5168 9423 6628 1237 3506 4023
22 1735 7116 6851 1221 3938 1 3993 127 1846 74 6297 4406 2125 4688 8067 3011 1629 8779 6530 3960 8753 1578
16 5304 4984 8573 2216 208 3778 2543 883 1891 8511 9157 8764 9351 7506 287 6395
16 4829 7764 2989 5708 8007 6888 9722 9136 4979 5904 812 3446 7820 9755 8201 9201
16 741 1384 1030 1208 1752 402 1871 1747 5715 3241 7788 2348 7875 5950 3725 903
22 5381 5358 608 1276 802 9951 6340 4485 9897 2110 7361 1466 7898 1756 5389 3323 1854 2256 6906 9448 7973 8944
28 9979 6849 4109 2690 4020 6398 5799 9273 9234 691 4776 9077 9268 4111 7967 2909 3463 9779 7879 1761 2189 7353 3455 1486 8234 2733 2088 6937
8 8559 8965 6238 6977 9957 8170 2199 226
11 6321 9734 6713 9534 4591 9894 4614 154 3503 6869 9342
16 3743 3640 1995 8554 1491 7190 1845 9645 4006 3212 5862 9080 9704 116 525 2283
11 9581 7104 7355 8373 8218 575 5016 7100 6006 7153 3538
19 1269 1777 832 422 5169 1660 6566 2281 1861 561 2205 1501 1275 6617 9162 3395 7982 5980 6554
9 6039 1338 2025 8502 395 8553 8732 2752 4655
15 8520 7379 5660 6359 9652 8023 6389 4768 7007 1832 6137 9194 104 5639 5570
24 3457 6658 3865 7580 5663 4115 6305 9202 9242 5579 6188 8645 4302 1639 1461 5559 3999 7599 9079 682 4234 7725 6704 7420
22 8728 3951 4084 5240 3420 313 1256 105 2948 7493 7381 8450 9785 3340 5083 9163 6655 9821 1572 4560 6372 609
14 4687 4467 1943 4907 5608 3761 7231 3121 8004 5259 4388 1964 9828 5589
15 3564 3655 4502 5732 3879 657 7633 1257 352 76 2444 9022 7394 4906 3968
23 580 7357 9813 1527 2783 6293 8973 8737 1768 4163 7822 4062 3782 4472 4204 1130 5420 9863 600 3481 503 7868 7306
18 6649 3575 2523 5621 4372 348 4744 6582 9106 8186 10 7750 5379 5072 186 5000 703 2162
8 61 8262 328 3779 4657 1046 1880 4573
15 4788 9503 9625 330 6222 8585 1433 1800 776 2532 1882 9686 5448 1457 1957
17 5161 1674 8784 2112 9923 300 2011 2388 1297 4939 3592 2561 8958 155 4936 3383 5110
13 6456 6740 4088 9064 645 2209 5951 2556 7075 7365 3013 6180 8399
20 8179 8566 9586 5783 8445 3338 7762 542 5933 5201 3963 3328 4777 4212 4919 4626 4876 3244 9664 5330
12 6952 6656 2641 3329 209 511 8955 559 3098 6544 478 9050
18 7877 6135 5954 2825 3215 4636 4638 3859 3173 9998 1822 9462 5561 7966 1446 7752 2553 6227
11 7799 3170 3910 8816 8192 7077 1814 8242 6129 1409 3801
11 489 2714 5771 3108 6856 3026 3539 6803 4165 8297 6276
14 9207 4536 8021 41 498 506 5371 680 5391 214 2563 8247 5963 8845
13 8184 5679 862 21 4055 9879 1988 6522 9224 5002 2700 619 5687
16 8420 1773 7372 69 3966 1667 6048 6089 3746 3981 4714 544 2346 3332 4514 5585
12 8675 9935 9965 2881 7883 8071 7914 4535 7461 1654 654 2222
22 6424 3572 3603 856 5263 5766 494 949 2885 8244 2309 7262 1395 7570 6042 914 1444 4289 5257 5165 2158 569
14 5245 7874 2261 5650 8785 7558 8486 2547 1104 310 7723 3483 8006 3060
15 6160 2711 6951 3602 9654 4409 66 2126 4356 8968 5360 1965 1033 7578 8417
9 7468 7819 6105 173 5157 6033 7124 2584 2615
20 1866 1530 7314 6503 5135 7535 5844 7564 8288 5569 890 2874 384 8549 1072 8729 2739 5336 9531 6351
23 3692 3138 9382 3114 3701 633 7344 5310 2515 6865 7508 6808 6769 2935 7560 2990 7106 5258 6754 6802 9312 9825 1092
5 8578 4130 8485 5903 6837
9 9121 8767 9292 103 7351 3438 6758 5607 7333
20 1993 3758 1326 753 4913 1168 8809 3765 4667 320 2546 663 4259 4632 7653 1806 2150 1451 3198 6328
19 3239 6794 8440 1550 9345 100 8259 6597 636 7407 9038 2722 8693 1345 6397 3682 6077 8930 1775
21 9901 3849 9815 9871 7152 5952 4327 4819 7727 4856 4263 8212 9023 9583 6891 9335 6697 7661 2728 5530 2029
22 7911 4170 2455 1830 596 1684 9130 9134 4034 5962 3228 833 1392 2141 3135 8649 1307 970 4280 8294 6990 8623
16 9411 7156 2293 9030 7690 8187 8188 7118 178 4879 4528 8432 2285 6938 8052 9096
11 1563 4724 5764 1791 9001 7149 5532 17 356 4454 2279
11 4882 1194 2250 6985 5690 3451 9132 9408 3429 1330 6190
11 5902 190 5500 4875 3915 2663 6024 907 7068 1376 3337
20 7229 3891 3991 3199 8042 3054 8037 5457 5160 8266 6674 6181 2931 8705 4547 589 5217 2389 7175 2371
14 4066 5359 8207 7662 8273 5082 7387 8687 9980 7680 4248 1736 9185 1357
14 6965 2681 3188 3605 266 4205 7777 1738 4274 5021 4074 8105 8571 8215
22 610 1438 5393 7406 9869 267 607 704 6956 6013 425 8316 1787 1810 4675 8960 3661 3494 293 2413 9708 1017
23 7318 6752 8382 3717 9795 6739 9738 8367 9276 9177 1937 7715 5001 2977 1842 3139 6298 7354 2494 6055 7622 5468 2616
18 2429 7435 2899 493 8219 3842 5012 3057 5287 8719 3 1468 2364 1727 2991 8946 3587 3956
11 6633 7319 2518 4520 3432 5794 6262 4173 4276 4681 4082
20 2278 3294 9851 1054 3200 6842 5756 6261 8030 3205 7466 3499 8229 8760 7763 9376 1034 6539 7047 6314
21 2774 6155 4107 4481 8167 5803 4227 2702 3157 285 6201 5417 8344 3399 6008 8381 4745 5524 1373 5339 2489
14 9020 1414 499 4965 9482 4787 8193 2089 4378 2452 8031 1132 5739 9021
6 2418 5284 8881 4925 2708 8522
21 9291 6329 4428 6168 5017 9743 4914 6967 4256 4195 7697 5076 8033 2766 1960 8826 3216 2805 7217 1670 8357
19 9626 8149 5744 3989 9487 172 152 6969 6643 3345 4398 23 6205 9212 8390 7974 3076 6382 4837
16 9187 8158 5507 8823 9634 2470 6336 6589 3685 5567 3044 8550 9800 8268 3404 594
10 8509 7804 8721 9270 4805 3045 9739 7619 9295 3598
19 4586 7428 8040 6021 2442 8421 6380 2386 2075 4147 3496 501 5092 9150 613 1933 4801 262 2038
16 4644 380 2128 6746 5101 5635 4002 3182 282 3201 517 5350 5367 9350 7032 8233
20 2327 8435 4624 8868 7494 7682 2355 6283 4278 8407 7843 2179 9322 4523 8359 8821 3004 4847 1548 2572
18 4098 9347 4910 6202 57 9018 8236 1884 5375 3729 6146 4136 1690 5068 974 7504 5203 1243
8 7227 6862 5810 5558 1026 7976 5614 668
21 6694 4112 1260 849 9617 921 7066 6333 8491 7120 7164 4033 3065 8725 1668 5052 1136 6014 1388 752 6370
22 219 7108 2360 3373 2292 1048 5323 4559 1592 543 6772 5032 1982 7582 8569 6483 7419 7388 1711 8907 7258 5947
9 2176 2729 5587 1818 6142 4529 6267 8496 8172
15 1815 5808 1689 168 5347 1465 8035 9481 6737 5910 4301 4974 8651 1856 9047
28 3008 6296 3403 7243 4050 640 3502 2732 6422 1862 3099 7569 6218 9667 959 2319 8974 4590 2960 9867 1229 1068 6525 1370 6091 4945 2674 4933
25 5222 4194 435 4869 2787 6886 4605 5279 8851 865 6301 3967 3282 3316 3573 6982 3447 6846 1604 7832 4631 8221 1621 7652 5823
15 8271 4511 6409 4297 2600 9341 7276 2291 7445 6197 857 5901 9968 8126 7091
24 9670 9852 2401 1843 5303 7034 475 5724 8909 7048 3691 4068 5692 6375 2501 3392 6574 7195 9218 2545 2282 632 4201 6557
14 2944 2031 7232 9100 5557 1872 4293 2630 5768 6463 1632 9122 1405 4425
23 6361 9166 1984 8323 9744 3112 5751 8523 993 1415 7971 9328 3509 2829 5306 9103 6602 9148 1493 2004 3908 1717 6432
4 3321 793 9006 618
10 3647 6708 7259 1402 6513 8010 213 3777 9653 687
16 8564 9274 150 8637 4973 2178 8094 7729 7984 1716 7122 500 4571 6337 2419 4738
8 7716 1320 4985 4442 1094 7897 8896 7945
20 113 1860 7465 5955 9450 7628 9410 1152 5701 4617 821 3624 897 3498 9433 612 7701 614 4316 1145
22 6913 9633 4733 1627 3366 2852 4331 9928 454 8160 9607 918 9542 8270 875 7063 9111 6471 4026 6860 3059 2484
23 6607 8198 6338 3050 1863 2180 9710 1565 6672 5915 1429 8239 2601 7627 1702 2129 7260 8476 7418 3195 8121 8776 5633
20 3168 6735 7085 4137 2937 5366 9539 1459 9167 196 3077 5005 4698 5956 6854 6859 441 577 2542 5078
21 2313 477 2626 1869 933 2754 9737 9963 7562 6067 1561 6775 9784 5600 6940 4970 2148 4850 5611 334 2466
11 1724 4706 8967 2631 1387 9403 4597 6478 7536 5930 8465
23 5402 9920 2338 7438 177 444 3646 2270 9844 6915 2366 6684 194 1783 8166 8524 5482 6204 1719 7720 4748 520 7517
8 6900 5727 3608 8659 8788 7598 9060 5164
19 2507 4959 9595 8832 2717 9948 1725 40 9701 9720 9882 4209 5909 2851 5552 2284 6620 2678 5542
16 5343 3068 9349 6106 5301 5208 6085 1767 2268 6326 6778 5520 7328 4831 7591 2091
12 3667 3358 8807 670 3154 8616 8304 9395 8583 3599 4513 9034
9 554 8227 4190 3856 5019 7958 96 7923 829
3 7088 5425 8088
8 8587 627 4255 9511 9182 7110 9621 3151
17 6418 109 8459 5562 8782 7498 463 1539 6036 8547 4651 5470 467 7285 2682 3704 2816
15 9698 7455 8073 2856 8093 3542 1106 1474 4384 6587 8869 6882 9089 6848 9934
13 8698 567 3976 8351 7557 4101 9527 3190 1263 7010 8506 2972 1159
20 6780 3049 5746 245 2118 419 2440 9579 3465 7207 4767 9324 5210 3977 151 4825 433 242 9442 9049
19 6767 2233 9412 7430 98 3414 2781 8118 9165 7746 1246 78 9091 634 6947 4740 8050 7852 5893
16 6044 2838 2957 7574 6567 4652 4403 6698 8243 3623 8018 5221 2910 4014 6306 4582
17 4056 3527 3362 7081 5770 2907 1612 8661 3902 5986 6829 940 1187 6812 621 1975 7910
26 2531 3005 4635 615 9562 4028 4024 6570 2076 2640 8996 9992 8843 7525 1396 2390 7288 9939 6556 1926 4963 7543 6282 124 7893 647
7 3410 5615 442 1252 2464 4786 39
11 5881 3245 661 5535 3512 9314 2660 9597 359 9762 6787
9 1879 3459 6304 9927 5849 1057 2485 7322 9565
20 8086 5049 1240 1601 1222 6652 6026 9537 1181 2675 7812 2906 1179 7415 5372 7383 4647 2311 8077 7590
16 8189 5636 3632 2635 7382 922 6512 1023 5651 7790 9112 1824 1853 7541 114 9989
13 2828 5213 7575 9240 4840 434 2340 7782 738 7486 7616 7721 4252
23 1794 1593 3024 4848 6069 9164 2041 3789 4862 1583 1523 8542 8510 6319 3186 5872 5233 8539 3234 5984 8829 7674 7844
21 7849 8557 9556 1206 374 3867 193 8638 1541 4086 7006 3534 8437 7016 4982 3912 4452 1469 2522 9488 335
20 394 5227 7704 6068 1959 1797 5069 2653 9561 7576 249 8904 4669 8289 714 278 3072 5577 9489 8117
10 6269 2357 1697 306 7192 1743 4345 2236 9591 6229
19 6843 6745 3940 9655 254 8075 3469 5256 9160 5073 7791 6495 806 7505 771 1786 9594 851 745
