21 3160 2090 7397 2396 4628 7800 2680 576 1643 5292 5833 9326 8373 8336 9429 3029 9691 5575 9112 9347 7885
32 5954 2414 6720 2524 1448 4817 2710 7988 6470 2470 9499 4900 4396 2802 4582 115 6749 6742 8190 2740 6963 4865 6120 2592 4806 2317 9789 4510 4228 192 1295 4940
31 2822 862 8400 850 3150 952 7621 6389 9437 2415 6364 9482 8352 5504 2671 6968 9624 923 7624 1379 3428 3969 3564 4772 7567 7228 4705 737 4600 7764 4254
32 2921 1925 698 2855 5113 2933 7109 5598 6520 6125 73 9961 9406 8876 5297 6999 8536 109 9414 7146 8688 7221 4143 7826 4491 6468 5544 9086 9819 566 8501 1739
25 5831 5524 8835 3781 8193 8281 5446 4205 8274 8477 5412 2004 8650 4148 3599 2568 8847 4010 1803 3617 3223 9449 6774 7094 5844
32 7136 9194 2785 8503 8885 7699 4716 792 7347 106 1603 619 8862 6997 2076 3839 2165 6544 6426 3389 2108 302 5617 9641 1075 6118 6047 3053 8302 2170 8978 8360
23 3117 8383 910 6936 2755 9625 9989 6562 7916 6097 8573 8231 9736 4676 2593 9776 8947 9341 8065 2978 9032 573 9615
28 2820 3492 5532 8625 2769 906 3696 4942 2908 9762 9883 5749 4720 9228 5848 8925 5135 9050 7437 4911 1733 6568 3294 5981 3084 1181 7921 503
28 9997 1764 1531 7894 571 3755 8320 9407 8239 6902 1299 4117 3785 5192 8769 1744 1498 2882 4310 1973 1910 5623 7339 7128 8527 5275 4540 1793
28 835 8447 2693 6459 1462 3346 7441 3037 3341 4638 7531 2520 8864 1145 2348 1496 3650 6396 1845 3397 6241 7197 4979 1786 6972 5926 1615 2556
29 4506 3075 8205 2954 130 2747 8957 93 4550 7045 9173 5018 6378 5820 9196 8283 2245 7027 3976 6984 7 9210 7445 6909 3214 3196 1486 2616 9388
27 7833 5130 4091 3324 6117 2614 8277 4076 3486 4454 323 8894 2153 9458 4943 1173 7500 247 4786 6285 4220 8229 6420 7139 2964 3909 2467
29 8450 4951 4751 9984 5612 1644 504 5353 8488 4004 5071 4130 4823 3834 600 7012 8990 5880 8186 2259 4987 4846 7057 8357 1506 6899 6222 2514 4257
28 2603 8372 2713 8366 6046 6516 167 3803 1777 4055 5059 5124 9906 1321 5761 5972 2527 7836 8420 3031 7398 5788 3526 897 1497 9813 3993 578
27 2854 2156 6897 7235 7529 1407 2555 979 2782 3151 8517 9267 2629 8437 865 412 1968 1530 86 1571 7591 3252 8405 4449 8192 2261 6573
27 2139 9470 7929 8949 2535 2768 4307 2403 1317 7257 6674 3174 3584 9010 7962 5804 9794 8534 500 7634 6108 5445 37 787 1316 2523 9015
28 9670 3235 9951 9175 2186 9484 4302 1151 4348 5100 4774 8821 6829 2817 5971 5040 3327 6839 2696 364 9608 1997 3219 4631 7396 5907 8891 2431
26 1959 3782 8464 2236 8746 466 2318 6277 4988 2548 5347 954 5786 4125 8480 5692 9239 2641 5992 8202 4733 2926 581 8195 3956 8470
32 1785 9213 8740 2715 2526 4082 8726 6212 4251 8793 472 1096 9976 161 4952 1244 9118 6706 9507 8972 4610 241 7225 9807 9521 5607 9652 1686 2844 4895 6404 5897
25 2635 6791 9538 3701 4415 2358 173 9006 886 7906 4689 4603 5718 8051 9409 5357 5468 6401 1475 8633 4584 6929 9023 2357 7938
25 6933 4922 68 6374 1715 4636 4948 7379 8262 373 3507 345 7612 2424 8490 3657 4549 6877 6443 9386 3338 3070 6141 8953 9748
28 5260 6227 6770 8797 2963 5456 7430 941 2525 1980 5647 9857 1085 9501 8886 5477 6518 3596 2026 6777 4208 7169 7101 1374 4593 3614 6532 990
30 493 612 1712 7244 404 6556 6128 9495 565 9575 584 924 1418 3942 4120 6048 1346 7231 9345 6314 658 1696 2875 2392 7666 7125 6667 3474 4526 4635
27 7590 3581 8339 8833 6634 4692 6854 4325 734 1233 3298 8722 2615 6692 6540 633 3068 424 9644 4198 317 1527 8672 5734 120 7806 2367
29 333 7760 2550 2803 2874 4386 4030 319 9324 4272 6191 911 603 4128 9668 9810 3499 2485 4059 9551 4513 4606 8430 4296 9881 3661 7791 6377 3918
31 2098 7205 7096 8434 4169 3519 5855 9719 3804 33 7748 9733 7812 7291 5533 6024 7696 1142 7378 5541 2087 6682 3357 7657 876 6273 2721 6660 12 3072 1851
28 6261 7704 4754 8481 4480 2906 1220 7715 9272 8506 6584 8483 4684 258 6182 4851 7924 2663 7964 3597 5932 2177 1728 4291 6495 5609 7997 212
25 7759 1824 3929 8971 4870 9933 1700 3851 5850 9461 8904 7450 2188 8604 8826 9672 9729 3820 4453 4663 8014 857 121 9071 7908
31 2734 1573 1271 9227 5675 429 3524 3992 9761 9831 590 7526 6944 5975 8511 1867 9855 9158 5367 8436 1353 5505 583 842 6695 3394 5961 5589 4908 427 7478
25 6599 7313 6785 6635 3953 4005 2018 8553 1836 3865 4204 9728 1405 5874 947 2564 2453 5979 7198 7034 4537 1479 6358 2907 7718
24 3060 6959 5545 3582 2841 7149 9380 2624 5189 5350 7560 2645 1894 3400 1240 7262 2898 9319 6290 1716 5882 5859 6626 6088
30 2446 1660 3833 8850 8875 9884 1969 8933 3780 3158 7876 2052 4002 7247 1553 305 7124 7758 4843 5154 3790 3475 4939 4102 9603 2383 7770 5918 3202 2213
28 2234 9117 276 8052 6504 4486 435 8000 8025 7336 1618 7989 7549 6291 5214 8667 7410 8056 9897 5111 3087 8344 5155 2285 9074 1947 7106 3958
29 5454 6891 9038 7475 1675 4144 7952 7408 164 927 5159 4542 452 1799 5411 475 7212 5187 1341 4991 3967 7420 9313 723 942 251 3311 9164 7593
28 2922 7343 8919 3410 4867 2868 8263 1132 2538 4990 9116 9135 4813 4157 611 4656 1231 1940 5414 4810 5088 828 2732 1580 6784 7123 2879 4171
28 2772 8545 7539 1192 5895 5860 2838 3489 194 9720 2474 9434 2845 214 733 8196 3244 5444 1844 9834 712 9348 2197 8197 4346 5432 283 3748
28 8033 7735 1060 736 6718 6622 1160 4444 525 5397 5584 7423 7432 1489 2235 4011 5104 6607 9021 478 8300 2458 8785 9468 1017 8802 5864 5685
28 8103 1191 3471 7120 1124 7147 4567 1521 2745 743 7409 3892 4212 8248 4294 2534 8329 6223 4191 6045 5034 9663 3309 6694 9945 2025 8712 9423
28 4172 6668 7918 2472 5181 5229 2346 3272 6163 6472 5508 9012 3453 4986 989 8713 183 4838 1033 4924 104 4242 18 5515 1474 9579 4832 8631
29 5634 9104 1051 1260 3292 5522 5499 9753 9531 4888 2891 710 1721 8883 713 6841 2708 3837 2319 7333 7874 2733 3874 9374 4320 1937 1634 7223 7655
26 6428 1130 6888 6168 6278 9803 1917 9885 1269 6357 753 6238 4215 2739 1535 9525 2650 7627 5264 2987 3459 6828 5491 2620 9403 7460
29 7245 1468 915 5156 1560 1659 7406 4358 425 2788 597 7407 7824 778 6115 3926 9381 9323 7585 9597 1200 9479 5305 3527 652 4380 3985 3645 8114
29 45 4107 4338 2971 5520 5102 4722 3830 5760 5802 4292 9689 2355 8255 245 2798 9426 9534 5980 272 1162 6289 4061 1800 3717 5809 3457 2481 5007
27 8854 3104 7639 7380 432 4152 4553 7028 3500 2055 9821 8616 2390 3700 4213 1887 4202 6193 6034 6458 2621 4324 5792 5184 6943 2329 4963
28 2368 1512 3693 1818 7707 653 3019 6686 5296 5879 9760 1933 6206 6114 4602 2475 5790 8773 4654 9920 2081 118 6342 4038 1209 8776 2249 5320
26 9475 9718 5917 2140 721 9856 2313 5293 8123 9562 8892 781 4862 369 7673 1950 6387 6957 8354 7862 9063 3838 7154 3547 852 2956
26 5679 8299 4236 3027 6889 6995 2101 1342 4229 9035 5395 3798 1490 3894 623 6106 3885 6083 97 151 1912 8818 1470 3406 7470 9860
27 3042 3665 4757 4834 7721 7375 3040 8911 9851 6795 4691 332 6224 5428 729 9588 6376 7248 4812 148 9114 7224 6981 4531 4811 340 8514
27 1666 4433 1822 4393 2744 5457 720 5843 2011 7941 2724 8015 3888 5443 388 6050 5655 2490 4464 944 7302 4569 1337 44 7858 497 9152
23 5266 7984 2482 8053 4933 5797 4969 7927 2132 2373 3356 986 4617 99 7778 8425 9867 8459 7945 3521 3478 4490 8585
25 6440 750 8977 1024 5117 7022 5303 3203 1098 4460 2522 9127 1206 7443 6721 6156 3897 1225 7510 5179 5743 3861 8770 2487 9330
30 3039 2648 182 6765 4195 4227 8711 1770 8518 3648 3105 1182 3147 5808 9430 5268 6078 6315 8671 6394 2605 3626 5571 9934 6988 8060 5374 1150 7270 2007
30 6613 4501 405 6250 9076 8108 5619 3299 2961 5277 1671 8917 8943 4021 9043 2741 7795 7217 8271 9337 1394 1775 8998 5558 3438 4664 9148 448 8151 7907
23 2440 3076 8152 5553 2252 8910 3090 2281 7268 6552 5664 2903 895 7172 5013 1743 5892 4283 7734 196 4981 9505 2809
29 6198 3533 3972 1037 3679 5349 8530 2746 8634 3528 2574 6274 8458 3743 1908 8106 683 153 1736 7823 9017 6775 4886 579 3023 2063 4020 9991 4063
28 1434 6257 9200 3177 4677 8410 6652 8993 9126 6033 7267 3368 4637 4845 3805 4162 8626 401 5814 217 9948 8777 3354 587 4698 8070 8619 8479
31 1179 2766 487 3295 3391 8266 4975 7296 383 7680 1419 5963 7877 2017 6892 7893 6220 7081 7079 7573 9005 4330 6004 8064 8209 267 8853 1869 8555 7050 6320
26 8019 5262 5077 273 3367 7286 5368 2642 975 7163 7835 9780 4906 9303 1046 3301 5479 3594 8800 495 5203 4848 3163 1714 1655 4775
22 156 7566 5537 4777 7381 1009 2233 5763 7942 9964 3879 7363 5531 3162 2402 5047 921 9536 6431 9947 7852 8092
21 6812 9257 9361 7253 9754 6464 7117 2960 4579 7009 3003 3920 8095 1611 1823 1296 3864 7360 3687 41 2493
32 1711 8710 7011 4219 7543 2036 1198 5376 6874 9289 8316 7745 1986 7334 9218 8185 5048 3026 8175 4570 812 4787 8496 7669 614 6335 8554 9805 3041 8596 9995 6656
27 1134 9695 9699 170 2353 1430 1689 9084 7024 400 5530 1754 5024 8332 3747 8295 7829 5816 8457 9493 4613 2483 7505 7544 9927 24 3868
32 5876 2698 2496 8415 7698 4917 1907 784 4096 9565 4385 5822 5133 7209 881 2857 4295 6471 6134 1057 5001 5884 3325 4763 1510 9206 4267 2991 7518 8893 6762 5591
25 1566 7015 5237 7798 7742 2212 8375 6676 243 1011 4028 9809 249 57 9564 4555 6725 9401 4233 1274 708 5624 9572 6308 2902
23 2758 4166 1779 9816 791 4452 5369 1427 991 6814 6429 1406 4167 7514 5651 7825 1463 7145 3977 9022 1576 5559 6947
24 5959 5336 8027 375 7259 1229 5390 4095 5329 9655 3415 6996 6904 1673 4645 325 608 959 6679 6631 2731 9320 4735 936
28 9151 4066 554 9131 291 9096 232 7538 2499 4388 5603 2184 4218 7088 3495 1876 3574 3824 2271 3263 1432 8287 4721 4666 6533 8658 2371 4789
28 5604 3775 9522 9019 7867 5051 2801 4642 4465 5935 7462 2547 1889 8552 8666 3461 8129 1195 1578 535 5620 4971 8010 3066 8695 2448 6755 2561
24 9861 3656 5112 9636 215 4530 3335 2027 2937 4500 5793 353 3490 3721 7290 3180 3567 649 3638 3142 8809 186 5016 8416
26 4467 4260 3209 1691 1835 6410 5 9315 9133 219 3863 6310 9448 5409 4328 3571 1213 5636 3178 7055 7453 2248 2862 2385 5543 8744
29 9832 1817 1035 9441 128 1809 879 6618 9943 9457 7755 6296 9910 9087 8815 7846 2743 1052 1439 9103 9518 9269 5753 4342 5017 3859 7413 617 9838
29 9738 3198 5069 8565 3331 3186 6036 6538 7078 8289 4281 2647 334 1303 2014 8489 2185 2187 6802 7143 4441 6949 3964 668 3655 1812 3653 2789 3633
29 8725 9248 4088 3618 9219 397 771 437 135 4818 3020 7701 3401 1664 815 4207 4321 5186 2045 3485 6219 2361 269 7461 2434 7604 480 7837 7654
28 2863 9868 89 4529 5058 6971 3398 3402 5694 510 4919 7114 95 2872 449 7622 1537 1640 5078 7819 4651 8985 1874 8081 7371 9968 7399 2157
30 7080 8730 5952 9506 9967 7185 320 2489 4880 5425 8760 1861 6707 2124 71 1147 805 5346 5239 7999 4187 967 8664 4484 5719 1375 9679 5471 2999 2850
28 3883 6347 6664 7084 7845 9494 5396 3802 4898 7811 4284 3622 1952 2617 5202 3672 3971 5236 2625 5920 3793 2438 8163 3577 2376 4105 2123 1136
25 2150 5147 5245 961 4249 3122 8679 9990 943 4062 7776 9092 9278 3828 6846 3343 3004 8868 1945 1953 7897 8749 6823 3285 9481
30 691 8121 6890 1148 7516 7442 3283 2840 5138 1440 8741 9954 8652 9793 6813 9651 3730 1885 1830 6786 955 3046 9749 3809 1534 9108 2393 8708 8077 1697
29 7318 3240 9662 5908 6258 4926 4355 9936 8076 3100 4831 1749 2397 9249 5894 1467 6375 8926 9283 2466 4118 2974 7599 1979 3613 6751 9698 4552 7934
30 3516 7448 8017 2042 4455 3036 5682 91 4190 615 8008 9833 2811 4633 4421 8764 4496 4738 4572 1984 8361 9373 2210 8433 8363 9613 8484 8228 1484 7165
29 5455 1599 4057 6155 9751 9263 6304 2853 6186 6233 3166 5906 9704 9389 5095 1221 8029 2754 9473 3077 1334 767 1782 8789 9069 9143 7951 5845 4135
25 7678 2241 8851 598 3610 2644 3513 3654 4432 7419 6318 1460 4092 6646 8422 3470 4043 7141 5923 3900 8136 3586 8542 9045 5698
28 389 7946 2836 9755 4400 4018 62 5863 6744 3544 2509 872 9750 7459 1914 6439 9469 1645 6232 1230 7685 1251 5715 8535 2533 1115 1446 7789
27 6130 625 1846 9568 7295 1025 8178 9059 5312 9308 5407 6697 3131 799 920 2753 112 5419 1684 8161 7051 9357 1018 2294 1995 9124 7100
28 8980 1021 4650 7890 5968 6876 9229 9660 6800 7377 5442 9618 3502 376 2970 9400 7626 3222 4016 3966 5328 8326 2437 7342 3988 6722 8539 6969
27 2995 94 3991 3698 460 7485 8093 7896 36 4577 2651 8859 9287 4288 6837 8519 588 483 6372 3093 2486 2588 4366 8110 2829 6842 8167
28 9058 773 6857 5516 6657 2136 8469 7305 5480 5770 5600 4578 5540 379 6953 9567 3852 508 9516 7497 1155 9631 3752 181 7731 8986 4586 6133
28 9053 6425 479 2860 3412 5742 789 6015 1694 3817 2495 6612 6484 8871 5648 2899 6054 4711 8863 4744 885 6986 6260 1682 5985 2834 491 1001
29 187 280 9136 6864 1558 9147 1282 4273 1194 9274 3850 7935 2606 9365 8630 4669 6617 7848 5986 8822 3933 2655 2905 1930 7810 4619 2345 9767 4058
26 7643 2351 6092 4560 9915 1542 134 1012 6547 848 3362 4844 9057 7072 7725 8168 8996 2118 6064 657 5143 8411 8706 3045 2067 1235
32 3190 4949 8472 1365 3260 5115 7481 1758 3267 9585 760 4194 9093 7875 7387 7928 8558 918 693 3677 6991 4164 8259 6087 5267 5338 1077 3358 3729 651 7968 9697
24 3183 3704 8177 5721 6699 2343 795 1138 6446 3882 4334 933 5249 8482 7656 9893 355 9396 5871 1019 4608 4274 8062 3531
27 4904 5503 5794 4034 7482 4278 6244 190 4289 2646 8369 5661 832 278 7200 887 4498 5853 5335 9298 8676 2074 7972 9705 5092 3106 8351
26 3425 766 7982 9408 8766 6427 3170 1602 6847 995 3431 123 914 4109 4509 4596 1955 7372 9305 50 3498 8747 2962 1404 5678 6647
23 2717 7720 5529 1756 7865 9583 685 4889 4124 4564 3629 4090 8355 758 2181 1246 7762 2871 3538 1447 3351 6503 4890
25 7849 6671 1113 4217 6237 706 2154 1322 1735 3167 7091 1402 339 7298 6175 1391 716 9016 6165 8467 6465 4927 4412 5489 1345
29 6885 2163 7337 7787 8134 5461 357 785 220 2541 4017 9835 3055 1262 1094 9673 5493 2270 3414 8086 6608 9146 7389 6355 8838 8955 6041 8105 1327
25 8232 4122 5997 4784 5144 5883 1996 1725 2689 2286 9412 1292 9792 604 8210 2047 2362 6297 4528 6903 4150 9633 1891 4965 124
28 9822 8085 1348 1909 9520 5166 2608 3871 2679 230 83 3134 8509 6398 2287 4693 6962 9928 6571 9926 2199 2065 7281 4995 4561 4461 5562 5473
23 6340 8896 26 4046 2049 970 9939 6572 8668 3228 2382 2893 8982 1265 4133 3787 9176 2115 2567 9113 5948 6189 1653
22 6430 3482 1976 6275 9963 6566 630 6793 3724 6711 4032 3390 1507 4883 1088 3884 1471 347 1129 6907 7741 2215
25 7851 1595 3598 4 5244 6027 2232 204 6914 686 239 6137 58 5978 6403 2174 8570 1722 5004 9377 2264 8376 8918 4364 8392
32 3448 1425 5898 7744 2395 675 9350 2310 3770 1532 7761 3670 5352 1972 2204 1392 7499 2975 4159 1569 1987 5684 1232 9061 3483 372 197 3098 6833 5849 4923 6732
32 6056 7229 1143 7402 896 5333 2752 6421 3443 9055 7598 4457 6708 8562 2316 5073 1137 6111 2462 904 2113 1656 9693 9519 6579 6602 1583 218 7411 2938 3092 3826
26 8172 1062 747 3844 1562 3479 3520 6300 3304 9919 1003 1170 9177 30 9232 7750 6336 4499 9271 7530 1031 7019 2718 1227 7214 6240
26 5371 286 8432 9304 9790 6658 9107 266 4140 7983 116 1701 8338 254 5037 5205 9316 1582 8580 1159 8881 3572 5702 6717 1010 4707
32 2870 5383 6245 8324 9836 593 6868 5867 8460 5821 3212 8150 6989 3454 2685 1929 6060 5962 1453 5643 471 3329 6789 7507 2880 5089 6517 9637 7730 6901 574 6149
30 9145 4469 8669 9791 7724 1053 8421 5693 8727 380 7330 7345 4379 55 7623 6462 1927 335 3473 7433 3052 6514 8729 4255 4416 3930 8987 2041 8290 6960
29 2223 5233 2777 8745 2141 9322 3411 6481 7203 1593 5218 5274 1326 5601 642 8691 1879 2114 8601 5746 3013 7563 5722 1529 1277 8845 1607 2594 6480
30 2584 9696 4574 3501 4239 9079 5460 7144 6753 4795 0 6553 3234 199 5405 2842 664 6226 3047 6758 8827 9085 5929 7469 7687 7289 6011 2105 6776 2099
30 5254 5149 8431 874 3950 5171 473 3018 6069 1688 3286 3290 1962 8814 2560 8610 9852 8758 7210 3754 9779 8692 9028 6840 113 1454 3207 9904 9869 4516
29 4114 4494 551 9702 8613 6211 2334 2266 5512 5502 2320 9839 4401 5488 7043 3801 2006 8139 7635 3549 3666 8662 8704 1107 6702 1538 2749 3467 950
22 6975 5134 2323 1854 6615 4931 2083 8877 5289 5854 9355 9387 2379 7357 179 3012 9715 5686 8306 4936 7856 6435
28 9141 726 4067 2051 4408 4183 6309 5053 8794 5998 858 1642 5994 9359 3437 9119 7630 6850 1156 3433 1335 1699 4155 6408 8018 1015 3366 2530
27 6096 2091 8568 3128 5632 7519 9115 2167 8970 1368 2194 110 7863 2852 7884 5152 6696 5642 8837 6678 4863 4245 543 2553 983 20 7008
25 1111 3611 6062 256 7323 8714 682 8022 420 8617 9677 6367 6809 8279 7044 3662 5272 4359 9171 5656 5145 8772 9759 3796 8743
33 3660 3384 446 6284 4252 1004 1340 902 3912 8588 8593 9970 7284 8967 331 5691 9002 5842 8242 4492 1780 6967 7646 6937 8071 520 6548 3947 6139 9170 4532 368 6235
30 4891 5801 4878 6461 2069 6961 3907 8954 8012 9599 6817 2707 1248 5311 2178 5890 8435 8142 367 8498 8401 6302 4780 4876 9775 622 2778 1762 8225 5044
30 7320 816 7394 7230 8549 4053 1095 7467 5439 9737 9375 7039 4914 4749 3889 998 9276 2227 1941 2420 4439 7686 9379 1546 2427 5812 6311 9987 5507 2952
33 2600 9850 3560 2144 6822 4514 8494 1541 794 8322 7062 2097 7925 4435 8144 8659 5497 7663 9 1819 5546 1469 4893 398 8839 1970 7403 1455 1989 1857 6022 1939 2959
29 295 4796 2000 540 1080 3898 8651 9622 888 3487 1349 1564 5309 7990 428 4776 2445 6712 3248 6127 8524 6805 5824 5286 5337 8736 882 4714 5410
30 9191 9960 159 5475 3640 9378 7625 768 6752 177 4792 1647 6449 8855 2682 8140 635 4232 8960 6768 7127 8869 3097 3689 6583 3450 9962 3168 2306 1533
24 6781 4474 2195 1133 7777 8638 3313 1329 5830 3685 157 6438 226 9530 2750 5283 3413 6489 7523 486 8164 6798 4502 1627
28 3636 7855 1956 7581 462 8072 7637 7513 3711 8603 5023 7036 5413 1708 9952 4147 2413 5943 4800 9671 6527 5778 4073 4173 5629 9080 9916 3472
28 4967 1942 8678 8080 5377 3867 421 5705 7944 1932 1174 7390 7328 9372 6728 3449 213 7546 255 8171 5931 6349 5141 4485 3424 1509 5747 8784
27 3353 9031 2890 6623 9273 3442 1855 15 8569 1549 3794 1172 5063 9824 5732 492 8414 1584 1624 410 6848 3374 4790 7052 1237 3906 9410
23 5482 8440 8130 5945 2609 7840 4145 2260 7157 1892 7013 6204 299 8900 913 7954 770 6541 8045 4571 749 5256 8928
26 3187 8961 5555 9606 2430 6966 9329 1944 9149 4040 532 67 9455 9424 2193 4027 2886 9911 3140 5735 5358 8169 1347 8516 2881 5635
29 4611 7574 1805 2940 9956 780 5126 6727 1167 2179 550 1683 9500 8878 2577 6063 7276 9823 2029 1252 8600 8508 9496 9036 2302 8174 2571 3816 9188
31 2849 9445 4701 8118 3914 2293 9937 5228 4745 8914 252 1242 5314 5701 7308 8334 1853 4737 2419 5340 8997 9294 6381 4216 6477 880 2896 6713 2706 7843 6498
27 820 8523 3937 8781 4607 6794 8865 7891 4247 8013 4591 5611 6915 3220 5191 9830 6689 6505 7095 366 3823 9849 3588 2478 8165 8487 8132
28 9581 2517 1896 5653 3694 4710 6580 939 3420 9949 8493 413 4047 4515 7001 2549 5539 8023 7428 9511 6132 6642 9859 7354 3649 5285 1315 849
26 8598 3756 5467 702 6032 2912 2375 9675 5012 9067 8347 567 8512 8149 3896 8200 1050 7133 4879 8767 1332 160 8902 9924 3157 3138
30 719 5370 6796 8282 6351 7957 221 5079 8828 8723 8689 2760 4383 189 8348 6451 2387 2364 354 8198 7070 4225 6158 7905 2491 2976 9542 769 9383 7841
32 7138 3968 9584 144 2244 9669 9027 3847 5125 6218 8874 5322 833 2946 3695 7112 3108 4727 4054 5464 7208 6549 6834 4563 7204 6101 5381 4039 6201 3940 3421 6830
27 9392 4581 416 3951 1575 7054 2433 1882 7869 8258 4243 3124 2589 5072 514 7189 4868 4742 3788 4022 2579 5665 3943 6921 9687 3468 2957
28 3016 6330 4662 5914 9128 7985 5713 1203 4315 5090 8224 8245 7188 5118 6951 9844 9923 7069 5628 5841 4357 6199 7226 162 1086 894 5110 3173
29 6507 5967 4535 1178 5714 6369 9975 8389 7993 3388 5045 2948 5869 3441 1068 5622 9077 9647 9726 1400 1116 3189 8382 4403 1900 3842 4026 6881 5551
29 5588 6557 6497 9820 7439 3259 6292 4694 4799 4413 620 7847 8047 9187 2428 9252 2130 1763 9626 1201 201 6733 2117 4409 2282 4222 4384 1672 8443
29 5832 4994 7219 6382 6283 8884 4495 5323 1222 4672 5168 6276 3989 6252 1280 9800 2837 8288 9998 2192 7211 7250 5190 6769 2559 7477 5937 7089 6564
28 8141 9890 7794 1842 1670 4318 8471 3949 6616 8264 7455 5592 6456 1319 7949 1294 9931 3344 8599 8321 1563 8340 8428 5225 7119 4381 3583 145
35 9106 1387 6463 3855 5416 53 4137 9554 9425 2892 5355 6385 8318 2923 6085 4425 9694 533 8908 2327 3085 8304 6140 8021 4427 2619 4468 7868 7644 9865 717 4820 1399 946 4014
26 3249 6001 656 477 2394 4089 3678 59 5818 564 5306 8787 7564 3895 1906 285 9730 5061 2455 5011 5180 7457 1958 516 8819 6121
28 681 5160 7781 3765 4458 2048 4573 9537 9745 5406 111 4431 5811 5332 5075 3137 3641 613 2910 3089 3497 7736 2443 441 8803 937 7004 3048
28 2038 9443 4390 2442 8273 9825 7464 9184 3430 9368 6927 5441 6486 9261 2540 407 6946 248 7582 2222 298 3559 5615 7280 9244 4237 3872 825
24 6570 4980 3534 9052 8237 7327 5739 1219 2280 5290 6298 1838 7033 6565 3204 5123 1480 46 9638 8852 3706 4337 3668 6650
30 327 8404 3681 2305 7161 1597 9907 1300 385 3904 1802 2799 5440 636 4160 8148 5394 6326 9174 1338 1591 2861 7548 3307 9205 5101 8637 9912 3120 5042
29 9351 482 7494 8903 7060 7383 1923 2770 117 6331 8988 7950 3310 6129 125 5230 7763 7737 1741 326 3550 279 9000 136 2764 9550 9886 7192 5928
25 701 1807 3932 5151 408 4298 8581 2846 1435 8721 4601 5993 5947 4761 5652 8319 8587 9465 3569 827 5319 1005 7595 6932 6038
26 1826 9288 2332 4068 9224 2930 1344 4193 2558 8260 3982 1261 9290 4113 7912 2690 6736 1729 6196 296 632 3938 1333 4518 9161 1921
24 3592 4060 4807 563 6790 6869 1760 7349 3777 3835 3548 8115 1873 5114 5485 440 5458 7749 3523 6089 293 6239 8690 7521
28 7674 3551 1924 2459 229 8575 9467 6559 468 7816 9072 4546 2939 9390 1457 6432 4103 1720 6417 2723 3761 1362 7562 4176 7601 6704 8880 7319
28 5835 9360 1734 5881 3 8820 738 6105 6167 5105 1304 1872 5964 2121 1829 1458 3370 5590 1376 2022 4626 9062 9167 889 9828 4592 5789 537
27 4115 1768 6475 3921 5534 5680 6379 3858 5301 1218 3494 1371 8538 133 9207 1719 4614 985 1286 9432 707 6886 6801 826 1878 79 7817
31 586 7545 450 7335 1772 6677 3275 4394 6738 1810 8042 9973 6574 1444 1436 2056 9008 9325 3359 538 7040 4826 3372 3017 9275 2476 8427 7220 3111 4297 1079
25 3440 2563 5041 7752 9640 6816 7751 9231 1837 8159 8507 777 7919 6483 9595 64 4595 6987 9684 5872 714 6654 4580 2008 6680
25 1408 5528 1140 7191 4286 9549 5167 4589 6872 3631 2780 3974 4098 5727 6323 9046 1190 260 4024 8951 6501 8811 9025 4197 9358
28 7782 7708 9811 6348 8594 7201 3854 2950 1149 3156 1074 5550 2370 3893 1314 4312 2692 1789 7578 9758 6333 9132 8449 6887 818 65 951 8715
20 4182 6992 7421 69 4126 9540 2158 1679 3637 7355 8591 6026 6998 4094 5605 6081 5221 9285 1967 8771
29 7277 2297 6294 8003 3954 8615 6016 1093 7061 7592 1883 4822 6582 4132 680 1706 9011 4470 7732 7780 6031 3673 6799 2638 2885 31 2848 1638 2901
26 8044 457 4436 9752 5210 4323 7316 2552 7536 9703 7237 7557 5662 1351 9709 9701 4972 7571 5165 6144 1183 6619 3274 5780 5618 2504
19 3155 9635 9735 9097 3242 8005 7105 2426 7312 7953 7102 4700 6353 1450 1901 8173 6858 4459 8218
25 306 8267 4238 5462 9120 3164 8958 1302 6567 6705 359 6192 580 7556 5627 2700 7241 2543 506 9193 2095 5549 7726 4354 5365
28 8078 3361 3333 5668 6000 6710 2918 9238 80 987 3330 7706 8844 2465 9160 3054 3692 6530 3740 3419 1216 2628 8359 6723 6917 8308 9900 3074
31 8858 8394 6970 8547 9772 5683 8609 5759 8687 2654 4489 9593 1214 9280 7739 9598 2653 8034 6853 454 7786 6662 9198 6209 9221 3208 4702 6028 2143 4097 5033
26 8544 3860 2554 4327 5182 589 964 6750 8602 8294 4428 1847 4779 6448 8223 958 5242 8495 9922 7710 9532 1388 7895 455 7617 624
26 3873 5846 5129 7279 7773 3783 9394 6764 290 8623 6183 4992 6208 5737 4106 8643 4206 7391 3676 8160 6103 1790 2990 6305 5915 3857
29 9601 314 4507 1059 4084 2166 8937 8718 7768 6215 1301 4833 8832 7554 1102 9716 2219 9419 2321 3539 5469 8748 9433 2072 5996 7164 3308 7772 3403
22 3216 5984 1036 4279 9454 2106 2613 4785 9247 403 9068 8915 337 4434 5287 5899 3615 5099 5449 9201 4984 9398
29 3491 7179 5511 5566 9627 7719 7369 5570 9339 4997 391 6287 8861 6878 863 1171 9630 6334 6249 2827 2035 5364 1110 607 2328 2257 7677 1801 845
35 1579 8128 6154 8166 7020 4476 6985 3573 5253 5183 7135 6586 5169 4136 1320 6780 909 4448 2324 9312 6861 9140 4836 7628 5572 2172 1663 8531 8451 8323 8994 2275 3349 4556 7187
25 4523 2711 1285 1926 4156 4181 1487 185 3243 4864 2028 1166 855 7493 8597 6170 6124 2702 7535 8280 1570 374 9878 426 5280
29 4119 8948 3264 1421 9033 5020 9721 6437 2562 1360 2643 4599 5015 965 3961 6924 762 8041 4649 122 2773 8716 349 2250 2618 8061 8353 1503 4875
26 2586 5097 5209 9459 8906 1276 2359 2637 4621 1485 9889 2924 644 1128 6757 6282 6644 6104 8684 3395 5995 3910 7647 8582 4422 6639
25 9180 4830 523 7329 2135 3091 2410 2722 392 1899 2998 7346 9421 9734 4406 1931 370 5602 6896 9578 29 8929 2626 8409 3901
27 3831 1377 7358 3476 2767 1241 8368 4282 800 9178 648 6976 6406 4748 2982 2224 263 6905 1903 9846 9230 4203 6855 1297 6293 2311 2544
25 3766 4797 191 8566 3702 5990 1076 6500 883 3675 4726 7131 8413 7712 7130 2151 9513 3880 5708 1992 7274 6080 6077 2211 7553
33 1813 5334 2205 6030 6973 4655 5783 8454 2674 7142 4640 6740 1083 7610 1000 3846 916 1461 4414 3376 5957 4475 5103 8703 6645 9399 7857 3135 7683 1798 3652 824 4712
27 3709 6578 4151 338 8924 5157 5163 2039 3813 1092 8808 1215 877 7258 8675 7265 2225 1713 5447 6512 1702 9656 9972 2812 1396 4643 9527
28 1999 7132 9589 3302 2756 5308 7180 610 6978 3887 1082 8325 2030 2325 9309 8796 6453 8843 9509 2988 342 9265 7465 4362 3224 1287 860 5621
33 3922 6319 2335 2003 5868 1750 5556 3195 2161 1693 4856 6225 2610 709 3778 9185 2546 2697 8571 5630 4778 1157 3230 9605 7048 9713 2703 396 9463 1916 561 5877 9404
22 577 3505 5031 4910 678 4788 9485 662 739 5578 92 585 1488 7273 4860 5676 4209 7480 6040 7705 2737 6390
30 8786 9913 9591 6778 4715 663 2701 1236 250 4387 4083 8215 2825 5974 861 1662 5752 6611 9587 72 9142 786 8342 316 1061 7386 3289 2516 7422 819
31 6042 8546 330 9804 8083 1600 6485 2439 6919 4562 2919 2511 5904 3280 9812 822 7429 225 3028 4598 7058 7053 8707 3718 8048 9682 5380 4798 5586 4674 9650
25 7653 3720 839 8624 5726 5052 4048 2983 5278 3565 84 4612 2657 7238 6166 5730 6180 8310 2726 8312 9840 8622 9353 3962 9786
26 8424 5837 5008 5136 1704 9042 2965 5610 4116 3192 8476 7766 527 9769 8124 8614 4070 4372 3732 7325 9541 2240 8905 9335 6415 5736
24 3875 7047 5771 7695 7449 9095 1373 8577 5700 6412 4443 7370 5847 4423 270 7898 5825 6307 9137 7565 1859 8084 6360 5667
22 526 5049 2916 2352 7691 7240 1039 4857 1724 5438 1494 4365 4051 4706 774 176 4154 8075 7618 3710 5526 1313
27 1808 275 3911 2640 9621 3680 8417 1904 1354 8466 7753 5834 9233 8560 4373 6629 9047 8757 7632 9195 2180 242 821 5408 1626 1393 166
26 9413 9440 3051 9559 309 35 3556 4044 3908 4941 7076 1585 7104 5220 2300 7438 4261 4770 9102 7659 4008 731 8916 6883 1027 9799
24 5014 5941 3643 3201 9899 1740 9121 4809 5862 5384 7503 9871 6735 9256 8135 3113 7425 5094 6641 4968 7520 1266 5729 6561
23 42 1339 3005 2085 4587 813 5170 8541 5659 3110 1747 3382 6433 5484 5631 7506 9938 9649 8635 5039 4746 1428 3540
30 1717 1833 626 6482 5263 8063 2914 7436 6099 150 9808 6715 4201 1524 2080 4743 522 7515 131 2432 8158 17 6555 6370 11 1112 6838 6059 4590 6810
21 9168 8653 667 3291 5307 7872 7202 1545 1290 4344 3094 2759 2077 1840 3928 7373 5866 5437 5232 4872 1727
23 8220 8246 1067 1152 1165 7065 7038 4527 6138 798 7340 6386 7025 7702 2315 7353 6039 9088 5888 8962 4367 7463 321
31 9049 4759 8356 8049 7177 4739 2058 8111 2591 6361 980 2001 9270 6256 9664 6701 3786 9098 7236 5399 463 6558 4781 5902 1811 8241 9476 9563 451 1991 7747
27 3387 2583 7309 61 6407 3455 2218 930 2409 8645 2207 5222 7473 9502 9222 6772 7196 5422 2112 7255 9472 195 9667 9863 4840 1105 5774
22 7418 5354 7395 9787 8841 1465 4309 4874 3774 1526 301 4376 7005 7310 5688 8054 8301 3624 8576 3237 9894 6157
25 9159 1788 9492 1410 1325 3744 2677 3667 6205 5772 261 5068 4497 4892 3095 1249 6851 1616 4482 7350 8380 5649 5677 7121 5276
27 4078 1415 3903 7367 1016 6280 6393 1477 8067 8734 2705 3136 5132 9935 4240 3125 5554 7959 4007 3270 757 9101 7551 5582 3734 9573 126
27 175 4671 9166 2384 6313 5744 5637 1064 4736 257 3273 8956 8038 8475 4839 2979 1886 4404 7041 8091 3165 2336 6569 4688 1385 4827 8768
26 6423 2765 5756 9037 3099 4976 5670 2142 3086 9690 9771 4374 140 8426 4258 2299 9929 1649 3282 2073 5025 8252 6797 1543 9064 7537
29 8995 5613 9251 2168 171 7572 8572 7561 5887 8398 7709 5327 4456 8371 5027 4934 9596 595 268 976 3466 853 7454 6316 6053 7807 7156 8959 265
27 207 498 4966 7579 931 2138 2622 3669 2337 2183 5983 2122 7596 4402 1029 264 2714 8720 1043 776 2102 2374 312 3369 9001 3979 3580
26 4935 1893 7611 9785 2633 3536 9980 7842 7359 5704 7727 2412 2262 3705 3723 645 3193 1581 6964 3935 1208 7263 5776 8032 6008 1791
27 9014 27 552 2573 2253 8439 6767 949 3300 9798 4647 7838 8752 4351 2508 2043 7994 7495 3206 4462 5341 5657 3239 240 7631 2804 6546
29 2851 4049 9447 7569 9891 2137 6049 2762 2794 7111 7097 2100 2826 6187 5581 1054 2226 7218 6759 1565 5164 7434 5785 5765 7376 8522 6012 8548 3634
31 102 9814 688 4568 7871 1590 1499 5423 3733 4314 6551 3182 8292 2917 8627 431 5687 1158 6648 3849 1661 2256 2658 9262 8973 1026 7451 2784 2046 6013 6447
27 78 9243 8026 1398 3238 4104 5916 2728 7931 6609 1168 3191 1742 3807 178 7431 2581 1117 8269 8705 4269 7594 1372 948 6153 3522 2059
27 4768 5535 5966 7976 7016 5351 3079 7278 8840 2513 4882 4985 4045 539 2464 2015 6977 6628 8116 7064 5807 3691 351 5527 7029 9003 2786
34 7584 5703 9826 1816 4896 82 5949 6766 1794 8564 8873 1525 871 2931 1163 2408 1176 3321 922 831 1114 6621 7365 8313 2598 6525 2575 4319 9524 2819 1765 1820 5712 3038
28 9888 2996 3503 6474 9139 3118 456 2021 2595 8213 4127 1915 237 1223 4756 7733 9717 1732 1291 4301 3115 9879 9514 235 6397 637 6587 7049
27 9435 3119 4170 1442 3722 704 1804 7878 5861 6531 9281 9090 7068 6213 4723 7271 6466 5246 8444 5625 5339 8888 8393 1449 9535 7861 7178
27 2209 9764 3630 2469 3707 6255 515 2298 9533 3934 7468 7664 546 8801 1126 9367 5067 1122 8497 6827 672 1513 7301 2751 509 4841 2814
29 1574 1539 5583 5696 9708 8673 9186 3340 8391 1723 6849 5766 387 6010 3568 5270 6653 2425 2839 5799 5087 7092 2669 8179 9082 3779 103 8298 1946
25 4189 3628 8592 1983 7636 6748 9150 2279 956 1411 1609 8330 8035 5720 7681 2200 3088 7283 246 1065 1357 7490 6356 4437 7608
29 8946 474 8543 8829 3323 7723 3537 8257 8831 7960 2064 6344 3336 3606 907 7288 7491 669 56 9070 2665 4554 8806 3750 8556 3493 6052 5970 9873
26 934 2191 4397 5973 4957 3845 7488 7239 2774 3715 5028 521 2148 4180 6741 700 3869 6476 9144 9199 1384 5172 7987 3081 517 556
28 7426 8724 4634 7694 9286 8046 5201 8642 6893 5137 2686 2730 9091 8031 1828 507 2307 1523 8403 3738 8557 459 6339 4138 2779 9099 6673 9607
28 9189 1364 9685 5387 1197 7980 4828 8528 7661 3484 2656 3251 3944 2981 6362 9209 2945 5212 1710 8113 6019 6281 6076 2094 8305 2400 8640 1864
32 1141 1187 1492 9743 4769 3306 9382 2147 4069 9439 8349 1895 4264 2590 1034 3806 7167 6119 8333 6965 4399 591 9746 1324 284 4336 2398 2691 5215 9829 8268 6061
30 6229 7186 6683 6416 3518 5251 4887 8834 141 7401 4519 3975 4179 2082 6418 5827 755 4451 864 7446 458 137 4036 754 4884 2709 3760 5375 6942 1773
30 3153 8143 1554 1123 6242 2053 4703 3984 2477 9203 8358 4153 6098 3759 8137 1636 9264 297 5252 7975 7447 1006 433 3561 7498 5764 5725 6783 3404 5227
30 4466 9157 3383 3149 1737 9629 1674 107 5176 9254 7614 7243 9051 6272 7344 8109 2251 2757 4557 2173 8233 6589 3924 6926 783 9523 9517 2942 7697 4111
26 4052 1038 7689 8717 5313 8381 5875 8249 6329 2243 1557 2887 4930 1308 7385 7803 3890 6792 4604 9226 765 8408 8836 6325 9723 1690
31 1048 846 2813 4717 8540 1210 5542 4221 9619 6162 9220 2947 7466 4101 7007 32 9552 9344 2372 9757 8087 1502 2596 438 4731 1041 5243 3447 2953 8731 8574
25 2805 8039 8927 2876 1863 5005 2992 8478 926 1620 5490 4728 2255 9179 1103 5731 3891 6270 7085 9402 9539 7306 9020 1279 5950
28 3423 2198 227 8286 2399 4311 5654 8176 2242 6409 6860 6188 9815 7802 5404 5259 5767 4855 9681 8276 4534 7168 6107 3726 1628 8112 6366 7804
27 6950 7006 1205 6983 3050 1515 216 9235 4724 4652 5951 3434 8899 8775 8761 2125 494 1495 4299 2662 5745 8101 2856 809 1518 2712 1473
28 5919 724 5030 3169 3919 3623 3671 402 2771 2843 5856 6171 9993 2913 6948 7035 1783 5487 3371 19 8473 728 8474 5599 9557 2627 6303 9349
27 1572 7297 5324 2228 4629 9165 4597 1898 9436 7765 3364 310 6601 3609 6726 7676 7093 2639 6685 2742 6455 2503 1718 8660 5650 1288 2031
26 6392 9887 4543 5195 5298 2221 6643 8737 1127 6824 3078 2897 7589 5909 9876 3458 8217 5393 4670 6243 3032 1318 88 4646 8100 870
26 4960 5955 810 7648 4391 7870 6979 4446 5501 3553 2833 3034 1383 2972 8491 2602 3566 6605 7269 7818 4210 6478 7152 8830 9731 5953
26 8097 8607 3632 5241 1860 6234 5448 3881 9955 7356 8680 3545 1825 8145 5198 9547 3939 8133 5385 8608 5754 3591 7619 9978 7923 3758
27 9371 1437 5865 5826 4718 9356 4395 7675 5900 6037 2928 2878 2790 6176 231 7615 4740 2929 1426 6894 2932 3980 1443 7714 6577 3345 9555
24 1769 9328 7031 4773 3746 158 7605 1767 9548 4696 1761 2220 2369 7853 9214 8367 2460 7067 5933 4075 4042 5593 7435 2349
24 152 7216 8513 6756 3836 3703 6341 5433 7392 7660 9153 1849 997 259 5122 6698 101 2806 3007 9026 1481 6661 5294 3663
32 660 3878 3460 7922 3268 9515 2339 5706 7299 996 6312 51 3035 2986 39 1650 5782 844 96 7932 6400 6900 5858 5321 4920 1501 4121 4783 1281 7542 4793 9782
30 6808 2146 3025 5889 8586 9123 6681 7668 9223 9648 4025 8040 5238 54 7059 9250 8341 4814 5003 307 829 4854 6880 3469 5300 5560 6169 9971 2456 7947
27 4071 6600 9817 4165 4983 6221 841 1118 7472 5175 9862 2019 7586 169 4525 1654 5733 847 4211 6831 7140 2694 5538 8219 2904 7850 2267
34 6424 8579 548 1520 3405 7086 209 3558 9986 1657 6236 7580 7374 8505 9497 9311 7859 48 8942 6714 5098 490 7832 9083 5893 2461 3990 5140 1669 9034 4407 3451 2273 3071
32 5057 5939 9336 4481 1100 60 629 9773 9504 3741 689 4665 9110 9979 6178 1056 7588 7233 3514 982 775 5295 4389 8331 7550 7904 7665 8742 3848 2927 2776 4767
25 1587 957 8227 3659 4824 4622 3332 5925 9172 2542 21 1228 3416 3132 4317 1382 7888 4035 631 5563 7182 695 9953 9642 7066
23 5046 8983 6928 6150 1961 365 9182 4938 7304 3797 8448 8686 3393 5426 2216 3255 2023 7814 6109 7252 1841 2505 5317
27 8849 1568 6597 6093 5345 3735 3764 7728 4231 4487 5568 7525 8337 6143 9959 6624 1567 2290 7943 4429 129 2363 7799 5521 8117 9586 2532
28 9111 8183 4996 7026 2126 393 9795 9338 4158 8055 3546 1709 8455 6352 3585 3152 8867 5081 9487 3945 3600 2934 9903 344 7107 8024 4512 2155
26 13 8184 7222 5185 5585 7158 5580 5596 793 1189 718 5791 228 8278 4161 1416 9040 1073 6529 945 725 2824 634 8935 5548 1540
30 6197 7487 108 2599 1985 9241 43 1081 972 9983 3543 7242 1358 6100 274 7558 3043 6487 7961 1084 1355 1528 7266 142 5019 1974 1957 9208 390 2985
29 4764 3772 3385 1278 9428 899 8532 8211 7955 8122 7282 3488 4081 1482 8362 9570 6009 5614 2333 2344 348 7640 2787 9259 8632 3727 378 5372 836
26 7937 4794 502 6102 1380 8798 6328 4483 3320 1988 4565 5913 7532 7882 7159 3602 9528 2246 742 2277 1703 1658 8647 814 843 9444
29 9714 1204 1040 6231 3009 1913 8462 9362 9994 893 4168 4869 7958 4658 9490 5330 984 2326 14 6884 4609 759 4333 2471 1202 3699 149 5536 869
28 4974 1330 5109 9612 6815 6007 9183 22 8641 1307 4262 5420 2859 5451 6945 1413 4522 9553 8156 8825 8738 4999 1685 1951 4615 5344 4548 119
20 3590 4392 3579 5910 238 9078 4306 878 529 8390 2683 9877 650 1101 469 7754 9766 3936 3197 2969
30 602 1312 3044 9384 6444 9462 8920 5911 3379 7275 2502 2354 3063 3463 4538 7808 3432 2128 705 8303 7716 6194 9722 2865 3426 4993 5660 6327 6068 6271
26 9321 7901 7613 336 3172 8699 5896 6522 1797 7000 1044 4713 1063 8529 4648 100 5891 6913 2421 8088 5091 6251 453 575 287 1990
28 4141 2381 8207 1751 4099 8693 8526 1821 5235 4363 203 1548 2935 5281 5579 2576 3525 9659 7314 7821 9331 7583 8979 3148 8187 2585 1954 6537
26 7576 553 4442 3318 2531 6994 9393 9634 4782 2416 6941 7077 6873 6338 211 2272 4853 3337 1755 4755 7902 4270 8846 8792 1738 3188
26 570 8657 5740 16 8074 1390 343 8791 7597 5096 5803 2551 1070 8780 1536 4244 884 8429 9566 6070 3002 1254 439 7926 3381 5991
31 962 8698 436 7115 5310 627 7176 5796 8365 9848 74 1692 8889 9628 4511 4925 2171 1504 1511 5248 912 6734 6023 7170 6126 2597 3948 4682 7966 371 4708
30 7883 8492 854 3373 1257 9874 4093 8913 8001 8783 2061 3481 6820 8214 6651 9300 3941 5716 9609 3978 418 3231 1619 748 114 4108 9582 8236 696 2134
29 4065 90 5564 34 4909 6073 1042 3625 8004 3742 1002 223 3981 557 1451 7199 6380 1918 6940 2492 2208 5494 9744 8079 4426 4450 6490 6524 4791
31 5465 6687 7552 9039 9416 8966 489 9546 4950 3604 5401 7671 1089 1104 5279 8931 2033 2800 4368 1517 4129 7834 3728 3000 9369 5873 1633 8533 9710 6203 1369
26 7633 4246 8952 9130 8162 8250 1547 6286 2247 5757 6523 790 7122 6954 1544 5093 4477 4424 9560 3253 8208 562 3509 9004 5386 788
29 7662 352 2604 9592 9268 3049 4472 5878 2835 384 9007 1097 1483 4417 866 8882 2034 9653 3776 1748 4142 8102 808 8520 6709 621 205 1559 4419
29 8099 2830 1125 7183 5483 3811 7992 6912 4356 5434 5035 6672 7645 5689 6044 5695 4080 3927 5199 6739 4023 549 935 315 4907 6920 2911 9866 8683
22 9488 1424 2263 2966 908 4730 9665 6859 3439 9044 974 3407 7056 838 7692 3409 3576 7570 1850 1078 2796 8682
27 4753 6931 7014 1614 605 1994 174 6630 2867 76 3771 2973 1135 981 4970 5806 8119 7023 9711 7827 4265 485 7713 806 7900 8945 2587
30 7914 8453 5645 8406 328 7496 2 2479 4192 740 4350 901 4679 8089 5282 628 5606 6147 7307 6594 2341 324 5927 8 1478 6560 9277 5795 6266 5779
25 8346 7979 8120 5829 4175 7910 4575 6160 3262 2040 7404 8020 8007 6545 9169 8866 599 1884 1605 5452 3713 5402 3355 3970 3913
28 7148 534 8934 8733 2201 6411 8620 9880 9451 9442 3508 3314 394 7620 1856 4471 8732 5076 2727 4493 3737 3217 6259 6391 7600 4905 2498 1550
32 3363 9246 6729 9732 2145 779 4250 1293 5424 1258 9853 6084 1668 1395 2276 4074 4230 9197 3129 1403 1623 8107 8537 9946 1561 1902 7440 5805 2268 9094 2968 3159
31 4322 9054 6200 9202 7969 1049 2401 4673 4524 4079 7071 9908 9332 5828 8963 8807 5299 9427 2792 3056 8563 8452 3658 2529 3578 7524 8343 77 4517 6159 1551
33 7427 9692 687 2037 7769 2295 2920 311 4588 2989 2763 3986 3058 7213 6388 1146 7587 4177 8759 193 8226 9405 9162 9614 3915 3736 8069 8275 3996 9291 859 1629 5930
30 4804 3877 5934 5751 817 5999 5066 81 5784 8377 5510 313 6354 1935 6368 5219 9996 2631 3960 4618 9125 7254 4816 3221 9623 7602 2510 5032 3931 1928
26 5777 5608 9747 6493 6005 8697 8418 3587 2175 8486 5121 1045 1695 5417 382 3067 5958 414 6526 7797 4932 9905 2422 5398 3957 3829
33 746 929 9366 5153 1422 5574 6262 6452 6703 1238 5748 5343 1007 1309 6434 2539 2900 8446 7809 751 6072 1456 1 2488 3916 4234 1843 7452 699 5173 6002 641 953
28 4852 9446 6640 350 6620 1267 443 236 6112 7693 3254 2955 1493 4835 3464 234 938 8370 7476 5431 3445 3749 8127 7998 7508 8011 6821 7903
33 654 377 3247 5886 2169 6922 5224 5022 541 8154 3130 5509 2062 7830 3269 6450 4280 2888 9297 2521 3621 5697 6934 6467 932 1108 442 8244 9765 1211 9882 4871 8694
23 138 9957 4632 1745 8765 1243 9240 9314 2009 4533 4583 9299 3213 2292 8016 1180 3862 1331 898 8648 6248 6916 3024
33 1965 5673 5944 8969 3316 5658 1631 8201 7227 5969 3784 1259 9420 4921 4873 2720 6025 4343 6321 3616 4819 9266 6035 6373 3593 8388 3542 1834 6181 1022 3719 6094 5021
25 9543 4989 7251 5207 4200 8500 8441 4885 9056 5036 4223 9216 609 4420 3271 5565 9674 1058 155 7933 4505 2214 1943 4352 5257
28 1577 8073 2736 8445 6554 8006 9395 200 4163 38 4290 1919 5427 5800 1726 4815 2229 646 8984 3365 4029 8739 2360 8779 3014 6074 4339 3529
28 8057 8502 3171 7650 9909 5010 4031 3925 8222 6508 6345 4332 4378 2951 5567 3109 905 3751 8030 7073 752 8515 4877 940 7002 5481 4235 4539
27 9988 811 9385 9073 5940 2873 7412 2738 4185 6268 7522 3563 6719 8762 8221 7129 4719 6528 3965 4558 3154 2269 9041 2828 9438 5836 9802
27 2265 476 1066 5226 3757 2519 4313 8442 1998 3647 4958 5781 5000 3686 2010 1866 2695 1013 8804 7098 7504 6536 8456 4287 4224 6442 1268
27 1386 2202 5942 7864 422 6746 5857 9892 4545 1897 358 6210 6018 198 6365 1169 5131 4686 2347 1586 9620 9576 2203 7166 172 3161 3305
26 1109 9727 1491 544 3126 8663 971 6395 8812 6675 6690 3146 4667 3303 639 1606 2070 4842 3245 4725 2688 6067 9225 3800 5787 7174
26 2378 5326 2793 8297 659 7790 8968 3185 5769 7743 5547 4544 8813 7150 9060 2949 461 4653 8735 3627 6659 5391 5430 501 4699 7805
28 3123 8386 4802 5258 3347 679 7866 8256 1310 1423 2735 560 3955 8611 6993 143 4371 5956 6760 763 2816 5576 7501 1311 6688 8146 6184 8412
27 2672 6956 7606 2365 6871 9397 8293 8050 7880 5223 3745 5074 5382 1630 3121 5108 568 7155 5640 6247 4253 4620 9950 1305 1361 2119 8774
23 5500 8125 928 6177 2775 2096 4521 1610 8206 9654 6082 1621 318 2110 5043 7783 3843 4445 9306 823 5819 415 5054
26 2417 5213 9930 2815 5086 1217 6866 4370 1431 7352 8189 1452 9796 9683 8396 9480 8525 6383 4013 7287 8058 6136 2308 467 3101 6142
26 8709 281 4123 9864 3429 7670 9089 1069 6882 8938 1091 8842 6670 2111 4704 3276 1757 8397 4982 5363 1500 5120 1594 3607 2075 8387
26 5062 6021 4765 6754 294 2391 4953 8728 4440 1934 7740 9024 4955 7881 2133 7963 8181 6825 9657 5709 9686 8043 1975 9422 1678 3555
31 1641 4805 1746 6151 8778 6113 7603 1795 5360 5302 7483 7703 9363 7108 9370 782 4829 2032 4112 1632 4847 5150 8138 2676 7913 2089 8188 5359 4954 6737 6843
25 8551 4303 9460 8870 4214 7116 9391 308 4134 87 2078 4375 5840 3377 4139 3799 505 5750 9639 6852 9977 6534 2088 1270 4256
29 4077 8590 6402 5148 8681 5435 6747 3215 7651 4657 8335 2404 4226 2889 1161 3408 5463 1090 6095 4849 5518 4850 4681 4360 9134 3328 9580 655 1367
28 7324 9756 8950 9190 2468 9456 7915 1888 6535 6606 2116 1870 1401 6502 4902 1858 1224 5495 8795 1476 4709 2196 1153 2884 8823 8782 8270 5851
28 4398 8504 4660 3762 684 8790 8328 6436 7784 1680 6145 8384 2704 2060 4340 1781 180 3973 2831 5922 6771 6593 3112 1815 891 3083 5050 8898
23 666 3181 7042 1608 1604 6057 356 7032 5200 7973 3175 3753 3418 8155 5672 9901 3768 206 5316 2454 2537 3697 2895
25 3511 9498 7173 3866 919 6519 2331 9658 4929 360 8284 5905 6337 1774 8550 9483 618 8921 1164 5762 8763 8002 7090 9452 9343
25 3815 5595 6509 6123 9571 8848 7405 7629 7484 3315 3456 2632 5646 6930 3639 6724 9706 7956 9013 2160 856 5569 3226 8216 5269
28 6603 5197 3575 8872 289 5912 6295 1792 8677 4266 4547 2463 430 9217 6895 66 2411 3261 6875 9944 4668 4308 3994 8606 8567 7970 4998 7315
22 2182 1014 3396 7528 3731 1412 7393 4174 4504 5768 8989 5817 5006 3102 6343 992 6131 9610 4326 6832 5231 4353
29 4760 7382 7793 271 3064 6910 9258 5901 851 4341 715 8976 2877 3923 4551 7075 4335 52 1625 8656 5271 423 9450 9253 262 127 8374 1106 277
28 445 6982 3856 4937 6445 5436 4377 2601 8912 4241 2808 6454 8605 5450 3096 6075 1047 803 1336 5060 8419 6691 9574 6066 3510 730 8037 2582
27 7828 3210 665 676 2569 1592 3480 8700 4520 8350 8094 8066 8378 5577 386 8082 4056 5288 8856 9245 4729 2566 9508 2405 1981 4680 7965
27 3236 3827 6595 3312 3682 7151 7607 2797 7317 5084 9921 545 292 3812 512 1272 3814 8702 6058 2449 8521 9486 5009 1378 2866 1263 6371
29 9282 7511 4503 7458 4050 1681 1787 745 8251 6515 2943 4687 2020 6665 6716 8621 1598 5389 9985 807 5421 9333 2109 6499 2093 638 6029 1184 4897
28 9925 8644 2086 8399 5472 9352 8936 5525 5671 5587 4263 4110 5514 3194 6763 6908 6006 2278 9471 3773 1356 1687 2284 3995 8940 6761 5161 9100
27 4473 9561 288 4001 8754 4015 674 5838 8655 3144 9842 3603 1880 2818 9081 9453 6539 5331 6863 1087 3296 2190 3688 4411 677 2189 1522
23 5798 6879 9646 1175 3716 5478 5315 1971 9917 6590 6510 1771 559 5594 4541 3714 6700 4041 4912 9569 3352 6506 4345
32 9215 2847 3339 7384 9806 7249 8991 1245 6419 2274 8974 8131 3277 2699 3635 3199 3646 7171 903 9981 4861 8098 9843 8719 7658 2340 464 2501 4947 1323 6217 6264
26 6669 4766 4944 6563 9489 3619 9310 1555 8309 1256 2050 7785 1920 9464 6228 5519 6521 2484 761 7547 2958 7311 9318 4369 8068 2380
27 2993 1030 1186 5815 4009 7679 3001 3297 2289 6666 7082 8907 1948 9334 1409 2206 830 1652 5362 329 6923 2545 7074 5342 4271 1705 8583
25 7995 3258 6363 8204 4858 7489 3427 2176 2230 1622 8153 741 2044 2500 6591 5775 9999 7103 4899 7444 9680 7717 253 1071 966
31 6845 994 4259 1862 3278 8584 6359 9327 6918 6460 6684 4199 361 7889 3293 9896 2473 2997 1273 7160 1008 797 2612 3841 3141 2104 3015 8981 9474 7474 518
30 1472 3288 5492 6003 7351 1890 3266 1588 1677 2748 7541 8649 5403 7939 2389 7321 9707 7018 9122 7206 2660 4837 9965 2377 2079 9181 8788 8559 796 1350
27 9155 1831 9075 4803 2506 6844 7110 5639 2832 3532 1852 8147 7400 4100 3360 7388 2342 1977 2684 2941 772 4928 488 542 661 5196 2291
29 3256 8468 528 8327 9678 2057 513 1433 2457 7190 3825 1589 6174 7831 3211 3886 6079 7292 444 8291 3690 6043 1234 7017 1731 8810 8272 5960 6974
27 3145 4801 6543 9417 3899 3462 1250 147 9898 3069 1226 5291 1698 1188 2237 5356 9295 7003 8379 6346 7303 8965 8247 5633 3664 2670 7294
29 993 7175 9940 837 6731 3114 3651 4630 1519 5597 4732 2092 7300 7792 8254 1832 3319 5415 5641 7920 3200 7977 4741 9788 4913 7801 6332 8240 3504
24 9340 7256 5325 23 188 7575 8992 1131 6299 572 5177 8235 7046 4293 3241 2967 3853 4752 9512 346 963 1877 6637 2781
25 558 9688 1139 3612 873 2429 3997 2238 1420 1193 1207 9545 3819 5265 8901 4438 6938 6604 7971 988 9602 7486 3946 4683 9544
30 2452 8364 2418 8438 2578 8701 1639 1306 4559 6263 70 868 3515 6581 9739 2944 6414 5982 1848 9156 7083 154 1949 1827 9503 6086 105 6867 7246 5717
33 671 4349 2330 6819 1776 163 6826 8646 9491 6230 1516 8253 4316 1796 9279 7099 2283 4750 222 8461 7813 3378 9009 9048 3739 3133 7967 5946 2667 9778 1601 7424 531
27 4661 9858 9942 2557 3987 8261 4248 2301 2450 3905 9317 9526 8824 5080 6457 3983 5026 4946 7684 875 165 1438 139 2356 1328 692 9774
27 4616 8654 417 5128 5116 208 3033 1865 1028 465 7672 9466 1352 4146 5741 3822 2580 3999 7940 1617 146 2162 8243 5459 4479 3840 2386
30 2636 9740 6214 6935 7232 6322 4903 2673 1784 7981 3683 3176 8499 3506 8191 2977 4918 2869 2312 536 6939 2131 4894 5626 3725 1982 9301 8203 547 4962
25 7822 6152 968 3557 4304 606 499 1839 8182 9260 7037 8857 4430 7682 3287 756 8817 6122 4536 9364 6782 1119 5711 5870 7839
34 395 1196 2512 1417 2013 1055 3644 3821 8944 6856 7195 322 2675 9763 3477 9666 3605 3512 744 9676 9783 6469 3342 1284 7193 1646 8922 10 8685 6745 616 2441 6496 7996
26 8407 2864 49 3417 3541 2435 5496 4178 3392 300 2066 7509 1667 9712 7909 2407 7285 2127 1922 4000 6911 640 7738 9293 6633 764
27 9872 2607 1556 2012 2350 2239 555 2322 1759 925 9376 5304 8661 8345 3010 5839 8578 8028 481 6958 6870 890 6592 8104 732 7788 2807
26 6190 5965 1505 1283 1414 4566 1370 5976 7415 3608 1960 3317 1905 3250 802 4623 6288 9875 4285 5710 3257 2883 7746 1881 2915 5681
29 2823 1752 6265 7638 40 6925 5724 5318 5348 184 670 7815 5106 3795 2984 7184 999 5755 303 4085 801 5977 5616 1814 3712 6324 3057 4685 3006
32 5552 1938 2795 9797 4006 9966 9129 3380 7974 3225 8897 8463 2303 1020 569 5162 6253 3061 3674 6384 5056 5573 9611 5194 8059 3022 735 3998 7991 9030 4268 5204
29 1753 1247 2858 7986 9777 6779 8756 6990 1253 9870 8238 5429 4019 3127 6399 7948 5373 5924 4033 2231 2309 6788 8930 2002 7892 25 4973 2716 9296
27 6638 5388 4808 7331 1239 1612 690 484 1121 6185 4064 6693 8939 9845 2666 4488 9292 7700 3535 5498 7879 9237 4508 6636 1978 3601 3279
28 8595 7030 2152 5247 1964 2664 132 9477 2536 4734 9854 1676 7767 2120 7118 3446 210 9616 5758 6350 6306 3184 5139 4675 2729 2054 7729 8589
27 2652 3179 5903 6655 2304 434 4627 3326 8036 4758 409 3229 4945 8755 7860 9902 3963 6492 6110 7366 8923 1966 5234 9342 5813 3030 6179
28 3233 3496 2649 9632 5400 1264 4639 4478 1730 5055 2725 5699 5852 4382 2761 1963 7779 5810 8199 4405 9105 6071 8126 9661 4961 4762 7978 2678
35 3902 9594 596 2005 2570 4186 7667 7087 8285 5506 1120 5366 2068 1389 3011 1936 4276 4072 3073 6807 2447 7181 4305 2515 1343 4859 8510 399 7616 3959 6161 3589 6269 4418 8385
31 601 804 3832 6488 5669 3350 3139 1441 3103 8423 363 2909 5064 8665 3065 4277 6743 8860 381 8230 6803 8612 727 7293 1381 8485 7711 6818 5466 4695 341
25 8315 3452 8890 9974 2258 703 3348 6550 1032 1023 3246 7844 7126 9617 1613 1366 9801 28 5663 1514 4012 7332 7930 3008 8194
28 9742 7642 9992 3763 1429 2024 7361 7338 1707 9781 2071 9529 6862 6585 4410 917 8999 6649 4086 8674 9234 7137 8157 4624 5728 5261 47 6955
26 9284 1359 5127 8234 9242 3917 3281 3465 4003 5523 5070 8296 1459 406 5379 2821 3552 840 244 2366 5217 7512 6 5936 1255 9645
28 9211 5557 5206 1275 3620 9590 3205 9725 530 4641 5119 8628 9029 2314 9411 5378 9066 6494 2164 7479 8212 6116 5085 978 2572 7261 8317 9431
29 8090 3562 4447 8170 9236 8751 304 9302 2687 5146 9818 7873 4825 1144 6811 643 7757 6146 5773 524 6020 867 2159 5250 4959 7517 1464 3218 3062
29 7609 6610 5938 3322 4697 5188 2129 9415 1871 5142 5474 594 7771 5083 3435 3284 673 3684 4149 834 6195 3789 1072 4463 6317 9065 892 8895 8402
27 1466 8561 3265 6980 5476 7416 5082 6267 6473 168 3791 6773 8639 6836 1552 8975 5174 5989 5038 1806 3792 7113 6254 5158 4196 8750 6513
